Mplus VERSION 8.4
MUTHEN & MUTHEN
09/30/2021   2:36 PM

INPUT INSTRUCTIONS

  TITLE: HCR Model 2;
  DATA: FILE = incv-hcr-mplus-data.csv;
  VARIABLE: NAMES = civthreat civharm civslur civmislead civdisres civderog
              civvulgar civprevent civface civdemon civinsult civmakefun
              civexagg civintrupt civreflist civshout civcharac civevid
              civrolleye civstand rwt;
    USEVAR = civslur civmislead civdisres civderog
      civvulgar civprevent civface civdemon civinsult civmakefun
      civexagg civintrupt civreflist civshout civcharac civevid
      civrolleye;
    CATEGORICAL = civslur civmislead civdisres civderog
      civvulgar civprevent civface civdemon civinsult civmakefun
      civexagg civintrupt civreflist civshout civcharac civevid
      civrolleye;
    MISSING = ALL(-9);
    WEIGHT = rwt;
  ANALYSIS: ESTIMATOR = MLR;
  MODEL:
    Incivility BY civslur civmislead civdisres civderog
      civvulgar civprevent civface civdemon civinsult civmakefun
      civexagg civintrupt civreflist civshout civcharac civevid
      civrolleye;
  OUTPUT: STDYX;



*** WARNING in VARIABLE command
  Note that only the first 8 characters of variable names are used in the output.
  Shorten variable names to avoid any confusion.
*** WARNING
  Data set contains cases with missing on all variables.
  These cases were not included in the analysis.
  Number of cases with missing on all variables:  7
   2 WARNING(S) FOUND IN THE INPUT INSTRUCTIONS



HCR Model 2;

SUMMARY OF ANALYSIS

Number of groups                                                 1
Number of observations                                        2279

Number of dependent variables                                   17
Number of independent variables                                  0
Number of continuous latent variables                            1

Observed dependent variables

  Binary and ordered categorical (ordinal)
   CIVSLUR     CIVMISLE    CIVDISRE    CIVDEROG    CIVVULGA    CIVPREVE
   CIVFACE     CIVDEMON    CIVINSUL    CIVMAKEF    CIVEXAGG    CIVINTRU
   CIVREFLI    CIVSHOUT    CIVCHARA    CIVEVID     CIVROLLE

Continuous latent variables
   INCIVILI

Variables with special functions

  Weight variable       RWT

Estimator                                                      MLR
Information matrix                                        OBSERVED
Optimization Specifications for the Quasi-Newton Algorithm for
Continuous Outcomes
  Maximum number of iterations                                 100
  Convergence criterion                                  0.100D-05
Optimization Specifications for the EM Algorithm
  Maximum number of iterations                                 500
  Convergence criteria
    Loglikelihood change                                 0.100D-02
    Relative loglikelihood change                        0.100D-05
    Derivative                                           0.100D-02
Optimization Specifications for the M step of the EM Algorithm for
Categorical Latent variables
  Number of M step iterations                                    1
  M step convergence criterion                           0.100D-02
  Basis for M step termination                           ITERATION
Optimization Specifications for the M step of the EM Algorithm for
Censored, Binary or Ordered Categorical (Ordinal), Unordered
Categorical (Nominal) and Count Outcomes
  Number of M step iterations                                    1
  M step convergence criterion                           0.100D-02
  Basis for M step termination                           ITERATION
  Maximum value for logit thresholds                            15
  Minimum value for logit thresholds                           -15
  Minimum expected cell size for chi-square              0.100D-01
Maximum number of iterations for H1                           2000
Convergence criterion for H1                             0.100D-03
Optimization algorithm                                         EMA
Integration Specifications
  Type                                                    STANDARD
  Number of integration points                                  15
  Dimensions of numerical integration                            1
  Adaptive quadrature                                           ON
Link                                                         LOGIT
Cholesky                                                        ON

Input data file(s)
  incv-hcr-mplus-data.csv
Input data format  FREE


SUMMARY OF DATA

     Number of missing data patterns           252
     Number of y missing data patterns           0
     Number of u missing data patterns         252


COVARIANCE COVERAGE OF DATA

Minimum covariance coverage value   0.100


     PROPORTION OF DATA PRESENT FOR U


           Covariance Coverage
              CIVSLUR       CIVMISLE      CIVDISRE      CIVDEROG      CIVVULGA
              ________      ________      ________      ________      ________
 CIVSLUR        0.960
 CIVMISLE       0.939         0.958
 CIVDISRE       0.941         0.941         0.966
 CIVDEROG       0.943         0.942         0.949         0.974
 CIVVULGA       0.941         0.937         0.940         0.942         0.960
 CIVPREVE       0.931         0.929         0.932         0.934         0.929
 CIVFACE        0.939         0.938         0.944         0.946         0.938
 CIVDEMON       0.928         0.927         0.932         0.931         0.927
 CIVINSUL       0.943         0.943         0.950         0.958         0.942
 CIVMAKEF       0.941         0.939         0.945         0.946         0.939
 CIVEXAGG       0.943         0.945         0.950         0.958         0.941
 CIVINTRU       0.941         0.941         0.950         0.950         0.944
 CIVREFLI       0.932         0.932         0.938         0.948         0.932
 CIVSHOUT       0.945         0.942         0.951         0.959         0.944
 CIVCHARA       0.938         0.939         0.945         0.955         0.938
 CIVEVID        0.903         0.905         0.911         0.913         0.906
 CIVROLLE       0.931         0.930         0.939         0.941         0.933


           Covariance Coverage
              CIVPREVE      CIVFACE       CIVDEMON      CIVINSUL      CIVMAKEF
              ________      ________      ________      ________      ________
 CIVPREVE       0.951
 CIVFACE        0.933         0.962
 CIVDEMON       0.915         0.926         0.948
 CIVINSUL       0.934         0.945         0.932         0.976
 CIVMAKEF       0.931         0.941         0.932         0.947         0.963
 CIVEXAGG       0.936         0.947         0.934         0.961         0.946
 CIVINTRU       0.935         0.944         0.932         0.952         0.946
 CIVREFLI       0.925         0.935         0.925         0.953         0.938
 CIVSHOUT       0.937         0.946         0.933         0.961         0.947
 CIVCHARA       0.932         0.943         0.930         0.957         0.943
 CIVEVID        0.901         0.906         0.899         0.912         0.908
 CIVROLLE       0.925         0.935         0.925         0.942         0.936


           Covariance Coverage
              CIVEXAGG      CIVINTRU      CIVREFLI      CIVSHOUT      CIVCHARA
              ________      ________      ________      ________      ________
 CIVEXAGG       0.978
 CIVINTRU       0.953         0.968
 CIVREFLI       0.952         0.941         0.966
 CIVSHOUT       0.961         0.953         0.953         0.978
 CIVCHARA       0.958         0.948         0.947         0.958         0.972
 CIVEVID        0.915         0.913         0.907         0.914         0.910
 CIVROLLE       0.943         0.939         0.936         0.944         0.938


           Covariance Coverage
              CIVEVID       CIVROLLE
              ________      ________
 CIVEVID        0.930
 CIVROLLE       0.907         0.958


UNIVARIATE PROPORTIONS AND COUNTS FOR CATEGORICAL VARIABLES

    CIVSLUR
      Category 1    0.041           90.149
      Category 2    0.026           56.502
      Category 3    0.050          109.591
      Category 4    0.083          181.909
      Category 5    0.799         1741.533
    CIVMISLE
      Category 1    0.041           89.864
      Category 2    0.043           94.049
      Category 3    0.072          157.521
      Category 4    0.138          299.727
      Category 5    0.705         1532.512
    CIVDISRE
      Category 1    0.046          101.414
      Category 2    0.044           96.870
      Category 3    0.087          192.636
      Category 4    0.187          412.461
      Category 5    0.635         1399.533
    CIVDEROG
      Category 1    0.041           91.082
      Category 2    0.058          128.557
      Category 3    0.101          225.283
      Category 4    0.154          342.017
      Category 5    0.646         1434.108
    CIVVULGA
      Category 1    0.057          124.497
      Category 2    0.052          114.313
      Category 3    0.081          178.634
      Category 4    0.157          343.669
      Category 5    0.653         1434.079
    CIVPREVE
      Category 1    0.042           90.836
      Category 2    0.053          115.625
      Category 3    0.089          194.190
      Category 4    0.205          445.365
      Category 5    0.610         1324.630
    CIVFACE
      Category 1    0.046          100.750
      Category 2    0.060          131.922
      Category 3    0.103          225.446
      Category 4    0.169          371.653
      Category 5    0.622         1368.161
    CIVDEMON
      Category 1    0.049          104.491
      Category 2    0.065          139.126
      Category 3    0.115          246.966
      Category 4    0.189          404.880
      Category 5    0.582         1248.572
    CIVINSUL
      Category 1    0.047          103.797
      Category 2    0.067          148.825
      Category 3    0.121          269.628
      Category 4    0.201          448.016
      Category 5    0.564         1253.518
    CIVMAKEF
      Category 1    0.049          108.013
      Category 2    0.079          173.272
      Category 3    0.114          247.811
      Category 4    0.197          429.023
      Category 5    0.561         1224.296
    CIVEXAGG
      Category 1    0.052          115.392
      Category 2    0.090          201.251
      Category 3    0.143          319.571
      Category 4    0.219          488.184
      Category 5    0.496         1105.252
    CIVINTRU
      Category 1    0.047          102.870
      Category 2    0.083          182.998
      Category 3    0.174          383.682
      Category 4    0.272          598.215
      Category 5    0.425          935.129
    CIVREFLI
      Category 1    0.068          149.010
      Category 2    0.106          234.145
      Category 3    0.162          357.247
      Category 4    0.249          547.521
      Category 5    0.414          910.649
    CIVSHOUT
      Category 1    0.064          142.447
      Category 2    0.129          288.006
      Category 3    0.166          370.428
      Category 4    0.234          521.026
      Category 5    0.407          905.543
    CIVCHARA
      Category 1    0.092          203.578
      Category 2    0.114          253.538
      Category 3    0.160          355.243
      Category 4    0.205          455.743
      Category 5    0.428          949.660
    CIVEVID
      Category 1    0.122          258.838
      Category 2    0.136          289.012
      Category 3    0.197          417.772
      Category 4    0.220          466.915
      Category 5    0.325          689.166
    CIVROLLE
      Category 1    0.110          240.118
      Category 2    0.172          375.394
      Category 3    0.198          432.334
      Category 4    0.215          469.382
      Category 5    0.305          664.751



THE MODEL ESTIMATION TERMINATED NORMALLY

     THE CHI-SQUARE TEST CANNOT BE COMPUTED BECAUSE THE FREQUENCY TABLE FOR THE
     CATEGORICAL VARIABLES IS TOO LARGE.




MODEL FIT INFORMATION

Number of Free Parameters                       85

Loglikelihood

          H0 Value                      -37734.655
          H0 Scaling Correction Factor      1.6278
            for MLR

Information Criteria

          Akaike (AIC)                   75639.309
          Bayesian (BIC)                 76126.486
          Sample-Size Adjusted BIC       75856.426
            (n* = (n + 2) / 24)



MODEL RESULTS

                                                    Two-Tailed
                    Estimate       S.E.  Est./S.E.    P-Value

 INCIVILI BY
    CIVSLUR            1.000      0.000    999.000    999.000
    CIVMISLEAD         0.942      0.075     12.554      0.000
    CIVDISRES          1.194      0.095     12.584      0.000
    CIVDEROG           1.089      0.107     10.161      0.000
    CIVVULGAR          0.962      0.078     12.363      0.000
    CIVPREVENT         0.772      0.060     12.966      0.000
    CIVFACE            0.944      0.075     12.501      0.000
    CIVDEMON           1.100      0.091     12.139      0.000
    CIVINSULT          1.078      0.103     10.491      0.000
    CIVMAKEFUN         1.069      0.089     12.049      0.000
    CIVEXAGG           0.760      0.066     11.426      0.000
    CIVINTRUPT         0.848      0.073     11.662      0.000
    CIVREFLIST         0.682      0.066     10.361      0.000
    CIVSHOUT           0.762      0.072     10.546      0.000
    CIVCHARAC          0.647      0.062     10.370      0.000
    CIVEVID            0.441      0.043     10.209      0.000
    CIVROLLEYE         0.642      0.063     10.163      0.000

 Thresholds
    CIVSLUR$1         -5.578      0.285    -19.548      0.000
    CIVSLUR$2         -4.587      0.224    -20.504      0.000
    CIVSLUR$3         -3.487      0.185    -18.827      0.000
    CIVSLUR$4         -2.413      0.154    -15.719      0.000
    CIVMISLE$1        -5.320      0.271    -19.619      0.000
    CIVMISLE$2        -3.984      0.214    -18.637      0.000
    CIVMISLE$3        -2.812      0.155    -18.121      0.000
    CIVMISLE$4        -1.477      0.118    -12.508      0.000
    CIVDISRE$1        -6.108      0.285    -21.468      0.000
    CIVDISRE$2        -4.563      0.219    -20.875      0.000
    CIVDISRE$3        -2.986      0.162    -18.423      0.000
    CIVDISRE$4        -1.096      0.122     -8.963      0.000
    CIVDEROG$1        -5.894      0.298    -19.787      0.000
    CIVDEROG$2        -4.034      0.204    -19.776      0.000
    CIVDEROG$3        -2.526      0.163    -15.542      0.000
    CIVDEROG$4        -1.118      0.122     -9.159      0.000
    CIVVULGA$1        -4.895      0.214    -22.822      0.000
    CIVVULGA$2        -3.611      0.172    -20.981      0.000
    CIVVULGA$3        -2.478      0.132    -18.702      0.000
    CIVVULGA$4        -1.099      0.111     -9.894      0.000
    CIVPREVE$1        -4.711      0.218    -21.648      0.000
    CIVPREVE$2        -3.322      0.143    -23.191      0.000
    CIVPREVE$3        -2.166      0.112    -19.377      0.000
    CIVPREVE$4        -0.637      0.090     -7.091      0.000
    CIVFACE$1         -5.160      0.234    -22.050      0.000
    CIVFACE$2         -3.592      0.169    -21.262      0.000
    CIVFACE$3         -2.262      0.130    -17.453      0.000
    CIVFACE$4         -0.853      0.108     -7.929      0.000
    CIVDEMON$1        -5.639      0.248    -22.777      0.000
    CIVDEMON$2        -3.861      0.184    -20.960      0.000
    CIVDEMON$3        -2.292      0.133    -17.203      0.000
    CIVDEMON$4        -0.634      0.111     -5.727      0.000
    CIVINSUL$1        -5.538      0.277    -20.002      0.000
    CIVINSUL$2        -3.722      0.177    -21.079      0.000
    CIVINSUL$3        -2.147      0.141    -15.188      0.000
    CIVINSUL$4        -0.471      0.108     -4.384      0.000
    CIVMAKEF$1        -5.503      0.233    -23.648      0.000
    CIVMAKEF$2        -3.521      0.174    -20.222      0.000
    CIVMAKEF$3        -2.093      0.127    -16.478      0.000
    CIVMAKEF$4        -0.440      0.108     -4.076      0.000
    CIVEXAGG$1        -4.323      0.187    -23.165      0.000
    CIVEXAGG$2        -2.684      0.124    -21.636      0.000
    CIVEXAGG$3        -1.380      0.096    -14.397      0.000
    CIVEXAGG$4         0.039      0.085      0.457      0.648
    CIVINTRU$1        -4.775      0.181    -26.345      0.000
    CIVINTRU$2        -2.992      0.126    -23.659      0.000
    CIVINTRU$3        -1.329      0.096    -13.852      0.000
    CIVINTRU$4         0.516      0.092      5.587      0.000
    CIVREFLI$1        -3.709      0.159    -23.334      0.000
    CIVREFLI$2        -2.205      0.104    -21.143      0.000
    CIVREFLI$3        -0.947      0.084    -11.265      0.000
    CIVREFLI$4         0.541      0.083      6.513      0.000
    CIVSHOUT$1        -4.003      0.155    -25.784      0.000
    CIVSHOUT$2        -2.148      0.109    -19.681      0.000
    CIVSHOUT$3        -0.865      0.088     -9.875      0.000
    CIVSHOUT$4         0.616      0.088      7.027      0.000
    CIVCHARA$1        -3.217      0.135    -23.785      0.000
    CIVCHARA$2        -1.938      0.100    -19.287      0.000
    CIVCHARA$3        -0.810      0.082     -9.831      0.000
    CIVCHARA$4         0.404      0.079      5.100      0.000
    CIVEVID$1         -2.425      0.105    -23.117      0.000
    CIVEVID$2         -1.338      0.080    -16.647      0.000
    CIVEVID$3         -0.267      0.070     -3.813      0.000
    CIVEVID$4          0.873      0.070     12.399      0.000
    CIVROLLE$1        -2.958      0.125    -23.682      0.000
    CIVROLLE$2        -1.395      0.091    -15.380      0.000
    CIVROLLE$3        -0.168      0.079     -2.135      0.033
    CIVROLLE$4         1.154      0.085     13.623      0.000

 Variances
    INCIVILITY         6.692      1.039      6.442      0.000


RESULTS IN PROBABILITY SCALE

                    Estimate

 CIVSLUR
    Category 1         0.039
    Category 2         0.034
    Category 3         0.060
    Category 4         0.087
    Category 5         0.780
 CIVMISLE
    Category 1         0.040
    Category 2         0.053
    Category 3         0.081
    Category 4         0.136
    Category 5         0.689
 CIVDISRE
    Category 1         0.044
    Category 2         0.056
    Category 3         0.100
    Category 4         0.178
    Category 5         0.621
 CIVDEROG
    Category 1         0.039
    Category 2         0.074
    Category 3         0.111
    Category 4         0.145
    Category 5         0.632
 CIVVULGA
    Category 1         0.055
    Category 2         0.063
    Category 3         0.089
    Category 4         0.151
    Category 5         0.641
 CIVPREVE
    Category 1         0.040
    Category 2         0.066
    Category 3         0.100
    Category 4         0.198
    Category 5         0.596
 CIVFACE
    Category 1         0.045
    Category 2         0.072
    Category 3         0.109
    Category 4         0.162
    Category 5         0.612
 CIVDEMON
    Category 1         0.047
    Category 2         0.078
    Category 3         0.122
    Category 4         0.178
    Category 5         0.575
 CIVINSUL
    Category 1         0.048
    Category 2         0.082
    Category 3         0.127
    Category 4         0.186
    Category 5         0.557
 CIVMAKEF
    Category 1         0.048
    Category 2         0.094
    Category 3         0.120
    Category 4         0.185
    Category 5         0.554
 CIVEXAGG
    Category 1         0.052
    Category 2         0.101
    Category 3         0.145
    Category 4         0.207
    Category 5         0.494
 CIVINTRU
    Category 1         0.046
    Category 2         0.097
    Category 3         0.174
    Category 4         0.256
    Category 5         0.427
 CIVREFLI
    Category 1         0.069
    Category 2         0.117
    Category 3         0.164
    Category 4         0.237
    Category 5         0.413
 CIVSHOUT
    Category 1         0.066
    Category 2         0.141
    Category 3         0.164
    Category 4         0.223
    Category 5         0.407
 CIVCHARA
    Category 1         0.093
    Category 2         0.117
    Category 3         0.157
    Category 4         0.200
    Category 5         0.433
 CIVEVID
    Category 1         0.120
    Category 2         0.135
    Category 3         0.192
    Category 4         0.220
    Category 5         0.333
 CIVROLLE
    Category 1         0.110
    Category 2         0.169
    Category 3         0.193
    Category 4         0.214
    Category 5         0.314


STANDARDIZED MODEL RESULTS


STDYX Standardization

                                                    Two-Tailed
                    Estimate       S.E.  Est./S.E.    P-Value

 INCIVILI BY
    CIVSLUR            0.819      0.021     39.089      0.000
    CIVMISLEAD         0.802      0.021     38.334      0.000
    CIVDISRES          0.862      0.014     62.520      0.000
    CIVDEROG           0.841      0.017     48.578      0.000
    CIVVULGAR          0.808      0.018     45.748      0.000
    CIVPREVENT         0.740      0.022     33.326      0.000
    CIVFACE            0.803      0.019     43.262      0.000
    CIVDEMON           0.843      0.014     61.159      0.000
    CIVINSULT          0.838      0.015     55.060      0.000
    CIVMAKEFUN         0.836      0.014     59.434      0.000
    CIVEXAGG           0.735      0.020     36.682      0.000
    CIVINTRUPT         0.771      0.016     47.310      0.000
    CIVREFLIST         0.697      0.022     32.062      0.000
    CIVSHOUT           0.736      0.019     39.597      0.000
    CIVCHARAC          0.678      0.021     31.565      0.000
    CIVEVID            0.532      0.025     20.925      0.000
    CIVROLLEYE         0.675      0.020     33.683      0.000

 Thresholds
    CIVSLUR$1         -1.766      0.068    -25.817      0.000
    CIVSLUR$2         -1.452      0.055    -26.354      0.000
    CIVSLUR$3         -1.104      0.046    -23.838      0.000
    CIVSLUR$4         -0.764      0.039    -19.609      0.000
    CIVMISLE$1        -1.751      0.068    -25.926      0.000
    CIVMISLE$2        -1.311      0.053    -24.574      0.000
    CIVMISLE$3        -0.926      0.043    -21.747      0.000
    CIVMISLE$4        -0.486      0.035    -13.738      0.000
    CIVDISRE$1        -1.705      0.069    -24.599      0.000
    CIVDISRE$2        -1.274      0.052    -24.688      0.000
    CIVDISRE$3        -0.833      0.041    -20.249      0.000
    CIVDISRE$4        -0.306      0.033     -9.217      0.000
    CIVDEROG$1        -1.759      0.072    -24.576      0.000
    CIVDEROG$2        -1.204      0.050    -24.247      0.000
    CIVDEROG$3        -0.754      0.040    -18.786      0.000
    CIVDEROG$4        -0.334      0.034     -9.852      0.000
    CIVVULGA$1        -1.589      0.063    -25.336      0.000
    CIVVULGA$2        -1.172      0.049    -23.767      0.000
    CIVVULGA$3        -0.804      0.040    -20.111      0.000
    CIVVULGA$4        -0.357      0.034    -10.403      0.000
    CIVPREVE$1        -1.746      0.071    -24.576      0.000
    CIVPREVE$2        -1.231      0.049    -25.018      0.000
    CIVPREVE$3        -0.803      0.040    -20.096      0.000
    CIVPREVE$4        -0.236      0.033     -7.159      0.000
    CIVFACE$1         -1.696      0.065    -26.119      0.000
    CIVFACE$2         -1.181      0.047    -25.051      0.000
    CIVFACE$3         -0.744      0.039    -18.919      0.000
    CIVFACE$4         -0.280      0.034     -8.348      0.000
    CIVDEMON$1        -1.672      0.066    -25.235      0.000
    CIVDEMON$2        -1.144      0.048    -23.759      0.000
    CIVDEMON$3        -0.679      0.037    -18.214      0.000
    CIVDEMON$4        -0.188      0.032     -5.783      0.000
    CIVINSUL$1        -1.665      0.068    -24.314      0.000
    CIVINSUL$2        -1.119      0.047    -23.926      0.000
    CIVINSUL$3        -0.646      0.038    -16.901      0.000
    CIVINSUL$4        -0.142      0.032     -4.427      0.000
    CIVMAKEF$1        -1.664      0.065    -25.741      0.000
    CIVMAKEF$2        -1.065      0.048    -22.176      0.000
    CIVMAKEF$3        -0.633      0.037    -17.126      0.000
    CIVMAKEF$4        -0.133      0.032     -4.112      0.000
    CIVEXAGG$1        -1.616      0.063    -25.737      0.000
    CIVEXAGG$2        -1.004      0.043    -23.467      0.000
    CIVEXAGG$3        -0.516      0.035    -14.865      0.000
    CIVEXAGG$4         0.014      0.032      0.457      0.647
    CIVINTRU$1        -1.678      0.065    -25.793      0.000
    CIVINTRU$2        -1.051      0.044    -23.776      0.000
    CIVINTRU$3        -0.467      0.034    -13.628      0.000
    CIVINTRU$4         0.181      0.032      5.603      0.000
    CIVREFLI$1        -1.466      0.056    -26.178      0.000
    CIVREFLI$2        -0.872      0.039    -22.203      0.000
    CIVREFLI$3        -0.374      0.033    -11.259      0.000
    CIVREFLI$4         0.214      0.032      6.619      0.000
    CIVSHOUT$1        -1.494      0.056    -26.728      0.000
    CIVSHOUT$2        -0.802      0.040    -20.024      0.000
    CIVSHOUT$3        -0.323      0.033     -9.829      0.000
    CIVSHOUT$4         0.230      0.032      7.106      0.000
    CIVCHARA$1        -1.304      0.050    -26.221      0.000
    CIVCHARA$2        -0.785      0.038    -20.813      0.000
    CIVCHARA$3        -0.328      0.033    -10.076      0.000
    CIVCHARA$4         0.164      0.032      5.112      0.000
    CIVEVID$1         -1.132      0.046    -24.841      0.000
    CIVEVID$2         -0.625      0.036    -17.446      0.000
    CIVEVID$3         -0.125      0.032     -3.844      0.000
    CIVEVID$4          0.408      0.033     12.352      0.000
    CIVROLLE$1        -1.203      0.045    -26.494      0.000
    CIVROLLE$2        -0.567      0.035    -16.439      0.000
    CIVROLLE$3        -0.068      0.032     -2.149      0.032
    CIVROLLE$4         0.469      0.034     13.682      0.000

 Variances
    INCIVILITY         1.000      0.000    999.000    999.000


R-SQUARE

    Observed                                        Two-Tailed
    Variable        Estimate       S.E.  Est./S.E.    P-Value

    CIVSLUR            0.670      0.034     19.544      0.000
    CIVMISLE           0.644      0.034     19.167      0.000
    CIVDISRE           0.744      0.024     31.260      0.000
    CIVDEROG           0.707      0.029     24.289      0.000
    CIVVULGA           0.653      0.029     22.874      0.000
    CIVPREVE           0.548      0.033     16.663      0.000
    CIVFACE            0.644      0.030     21.631      0.000
    CIVDEMON           0.711      0.023     30.579      0.000
    CIVINSUL           0.703      0.026     27.530      0.000
    CIVMAKEF           0.699      0.024     29.717      0.000
    CIVEXAGG           0.540      0.029     18.341      0.000
    CIVINTRU           0.594      0.025     23.655      0.000
    CIVREFLI           0.486      0.030     16.031      0.000
    CIVSHOUT           0.541      0.027     19.798      0.000
    CIVCHARA           0.460      0.029     15.782      0.000
    CIVEVID            0.283      0.027     10.463      0.000
    CIVROLLE           0.456      0.027     16.841      0.000


QUALITY OF NUMERICAL RESULTS

     Condition Number for the Information Matrix              0.814E-03
       (ratio of smallest to largest eigenvalue)


DIAGRAM INFORMATION

  Use View Diagram under the Diagram menu in the Mplus Editor to view the diagram.
  If running Mplus from the Mplus Diagrammer, the diagram opens automatically.

  Diagram output
    w:\projects\mplus files\incv-hcr-m2-ml.dgm

     Beginning Time:  14:36:19
        Ending Time:  14:36:32
       Elapsed Time:  00:00:13



MUTHEN & MUTHEN
3463 Stoner Ave.
Los Angeles, CA  90066

Tel: (310) 391-9971
Fax: (310) 391-8971
Web: www.StatModel.com
Support: Support@StatModel.com

Copyright (c) 1998-2019 Muthen & Muthen
