Mplus VERSION 8.4
MUTHEN & MUTHEN
09/30/2021   2:34 PM

INPUT INSTRUCTIONS

  TITLE: HCR Model 1;
  DATA: FILE = incv-hcr-mplus-data.csv;
  VARIABLE: NAMES = civthreat civharm civslur civmislead civdisres civderog
              civvulgar civprevent civface civdemon civinsult civmakefun
              civexagg civintrupt civreflist civshout civcharac civevid
              civrolleye civstand rwt;
    USEVAR = civthreat civharm civslur civmislead civdisres civderog
      civvulgar civprevent civface civdemon civinsult civmakefun
      civexagg civintrupt civreflist civshout civcharac civevid
      civrolleye;
    CATEGORICAL = civthreat civharm civslur civmislead civdisres civderog
      civvulgar civprevent civface civdemon civinsult civmakefun
      civexagg civintrupt civreflist civshout civcharac civevid
      civrolleye;
    MISSING = ALL(-9);
    WEIGHT = rwt;
  ANALYSIS: ESTIMATOR = MLR;
  MODEL:
    Incivility BY civthreat civharm civslur civmislead civdisres civderog
      civvulgar civprevent civface civdemon civinsult civmakefun
      civexagg civintrupt civreflist civshout civcharac civevid
      civrolleye;
  OUTPUT: STDYX;



*** WARNING in VARIABLE command
  Note that only the first 8 characters of variable names are used in the output.
  Shorten variable names to avoid any confusion.
*** WARNING
  Data set contains cases with missing on all variables.
  These cases were not included in the analysis.
  Number of cases with missing on all variables:  7
   2 WARNING(S) FOUND IN THE INPUT INSTRUCTIONS



HCR Model 1;

SUMMARY OF ANALYSIS

Number of groups                                                 1
Number of observations                                        2279

Number of dependent variables                                   19
Number of independent variables                                  0
Number of continuous latent variables                            1

Observed dependent variables

  Binary and ordered categorical (ordinal)
   CIVTHREA    CIVHARM     CIVSLUR     CIVMISLE    CIVDISRE    CIVDEROG
   CIVVULGA    CIVPREVE    CIVFACE     CIVDEMON    CIVINSUL    CIVMAKEF
   CIVEXAGG    CIVINTRU    CIVREFLI    CIVSHOUT    CIVCHARA    CIVEVID
   CIVROLLE

Continuous latent variables
   INCIVILI

Variables with special functions

  Weight variable       RWT

Estimator                                                      MLR
Information matrix                                        OBSERVED
Optimization Specifications for the Quasi-Newton Algorithm for
Continuous Outcomes
  Maximum number of iterations                                 100
  Convergence criterion                                  0.100D-05
Optimization Specifications for the EM Algorithm
  Maximum number of iterations                                 500
  Convergence criteria
    Loglikelihood change                                 0.100D-02
    Relative loglikelihood change                        0.100D-05
    Derivative                                           0.100D-02
Optimization Specifications for the M step of the EM Algorithm for
Categorical Latent variables
  Number of M step iterations                                    1
  M step convergence criterion                           0.100D-02
  Basis for M step termination                           ITERATION
Optimization Specifications for the M step of the EM Algorithm for
Censored, Binary or Ordered Categorical (Ordinal), Unordered
Categorical (Nominal) and Count Outcomes
  Number of M step iterations                                    1
  M step convergence criterion                           0.100D-02
  Basis for M step termination                           ITERATION
  Maximum value for logit thresholds                            15
  Minimum value for logit thresholds                           -15
  Minimum expected cell size for chi-square              0.100D-01
Maximum number of iterations for H1                           2000
Convergence criterion for H1                             0.100D-03
Optimization algorithm                                         EMA
Integration Specifications
  Type                                                    STANDARD
  Number of integration points                                  15
  Dimensions of numerical integration                            1
  Adaptive quadrature                                           ON
Link                                                         LOGIT
Cholesky                                                        ON

Input data file(s)
  incv-hcr-mplus-data.csv
Input data format  FREE


SUMMARY OF DATA

     Number of missing data patterns           272
     Number of y missing data patterns           0
     Number of u missing data patterns         272


COVARIANCE COVERAGE OF DATA

Minimum covariance coverage value   0.100


     PROPORTION OF DATA PRESENT FOR U


           Covariance Coverage
              CIVTHREA      CIVHARM       CIVSLUR       CIVMISLE      CIVDISRE
              ________      ________      ________      ________      ________
 CIVTHREA       0.972
 CIVHARM        0.942         0.958
 CIVSLUR        0.943         0.939         0.960
 CIVMISLE       0.942         0.937         0.939         0.958
 CIVDISRE       0.946         0.939         0.941         0.941         0.966
 CIVDEROG       0.958         0.941         0.943         0.942         0.949
 CIVVULGA       0.940         0.937         0.941         0.937         0.940
 CIVPREVE       0.933         0.927         0.931         0.929         0.932
 CIVFACE        0.943         0.938         0.939         0.938         0.944
 CIVDEMON       0.928         0.926         0.928         0.927         0.932
 CIVINSUL       0.958         0.941         0.943         0.943         0.950
 CIVMAKEF       0.943         0.938         0.941         0.939         0.945
 CIVEXAGG       0.958         0.943         0.943         0.945         0.950
 CIVINTRU       0.948         0.939         0.941         0.941         0.950
 CIVREFLI       0.946         0.932         0.932         0.932         0.938
 CIVSHOUT       0.960         0.943         0.945         0.942         0.951
 CIVCHARA       0.952         0.936         0.938         0.939         0.945
 CIVEVID        0.909         0.903         0.903         0.905         0.911
 CIVROLLE       0.937         0.930         0.931         0.930         0.939


           Covariance Coverage
              CIVDEROG      CIVVULGA      CIVPREVE      CIVFACE       CIVDEMON
              ________      ________      ________      ________      ________
 CIVDEROG       0.974
 CIVVULGA       0.942         0.960
 CIVPREVE       0.934         0.929         0.951
 CIVFACE        0.946         0.938         0.933         0.962
 CIVDEMON       0.931         0.927         0.915         0.926         0.948
 CIVINSUL       0.958         0.942         0.934         0.945         0.932
 CIVMAKEF       0.946         0.939         0.931         0.941         0.932
 CIVEXAGG       0.958         0.941         0.936         0.947         0.934
 CIVINTRU       0.950         0.944         0.935         0.944         0.932
 CIVREFLI       0.948         0.932         0.925         0.935         0.925
 CIVSHOUT       0.959         0.944         0.937         0.946         0.933
 CIVCHARA       0.955         0.938         0.932         0.943         0.930
 CIVEVID        0.913         0.906         0.901         0.906         0.899
 CIVROLLE       0.941         0.933         0.925         0.935         0.925


           Covariance Coverage
              CIVINSUL      CIVMAKEF      CIVEXAGG      CIVINTRU      CIVREFLI
              ________      ________      ________      ________      ________
 CIVINSUL       0.976
 CIVMAKEF       0.947         0.963
 CIVEXAGG       0.961         0.946         0.978
 CIVINTRU       0.952         0.946         0.953         0.968
 CIVREFLI       0.953         0.938         0.952         0.941         0.966
 CIVSHOUT       0.961         0.947         0.961         0.953         0.953
 CIVCHARA       0.957         0.943         0.958         0.948         0.947
 CIVEVID        0.912         0.908         0.915         0.913         0.907
 CIVROLLE       0.942         0.936         0.943         0.939         0.936


           Covariance Coverage
              CIVSHOUT      CIVCHARA      CIVEVID       CIVROLLE
              ________      ________      ________      ________
 CIVSHOUT       0.978
 CIVCHARA       0.958         0.972
 CIVEVID        0.914         0.910         0.930
 CIVROLLE       0.944         0.938         0.907         0.958


UNIVARIATE PROPORTIONS AND COUNTS FOR CATEGORICAL VARIABLES

    CIVTHREA
      Category 1    0.033           73.458
      Category 2    0.040           87.729
      Category 3    0.041           90.783
      Category 4    0.065          144.296
      Category 5    0.821         1822.383
    CIVHARM
      Category 1    0.045           99.027
      Category 2    0.030           66.094
      Category 3    0.045           98.751
      Category 4    0.062          135.499
      Category 5    0.817         1778.472
    CIVSLUR
      Category 1    0.041           90.149
      Category 2    0.026           56.502
      Category 3    0.050          109.591
      Category 4    0.083          181.909
      Category 5    0.799         1741.533
    CIVMISLE
      Category 1    0.041           89.864
      Category 2    0.043           94.049
      Category 3    0.072          157.521
      Category 4    0.138          299.727
      Category 5    0.705         1532.512
    CIVDISRE
      Category 1    0.046          101.414
      Category 2    0.044           96.870
      Category 3    0.087          192.636
      Category 4    0.187          412.461
      Category 5    0.635         1399.533
    CIVDEROG
      Category 1    0.041           91.082
      Category 2    0.058          128.557
      Category 3    0.101          225.283
      Category 4    0.154          342.017
      Category 5    0.646         1434.108
    CIVVULGA
      Category 1    0.057          124.497
      Category 2    0.052          114.313
      Category 3    0.081          178.634
      Category 4    0.157          343.669
      Category 5    0.653         1434.079
    CIVPREVE
      Category 1    0.042           90.836
      Category 2    0.053          115.625
      Category 3    0.089          194.190
      Category 4    0.205          445.365
      Category 5    0.610         1324.630
    CIVFACE
      Category 1    0.046          100.750
      Category 2    0.060          131.922
      Category 3    0.103          225.446
      Category 4    0.169          371.653
      Category 5    0.622         1368.161
    CIVDEMON
      Category 1    0.049          104.491
      Category 2    0.065          139.126
      Category 3    0.115          246.966
      Category 4    0.189          404.880
      Category 5    0.582         1248.572
    CIVINSUL
      Category 1    0.047          103.797
      Category 2    0.067          148.825
      Category 3    0.121          269.628
      Category 4    0.201          448.016
      Category 5    0.564         1253.518
    CIVMAKEF
      Category 1    0.049          108.013
      Category 2    0.079          173.272
      Category 3    0.114          247.811
      Category 4    0.197          429.023
      Category 5    0.561         1224.296
    CIVEXAGG
      Category 1    0.052          115.392
      Category 2    0.090          201.251
      Category 3    0.143          319.571
      Category 4    0.219          488.184
      Category 5    0.496         1105.252
    CIVINTRU
      Category 1    0.047          102.870
      Category 2    0.083          182.998
      Category 3    0.174          383.682
      Category 4    0.272          598.215
      Category 5    0.425          935.129
    CIVREFLI
      Category 1    0.068          149.010
      Category 2    0.106          234.145
      Category 3    0.162          357.247
      Category 4    0.249          547.521
      Category 5    0.414          910.649
    CIVSHOUT
      Category 1    0.064          142.447
      Category 2    0.129          288.006
      Category 3    0.166          370.428
      Category 4    0.234          521.026
      Category 5    0.407          905.543
    CIVCHARA
      Category 1    0.092          203.578
      Category 2    0.114          253.538
      Category 3    0.160          355.243
      Category 4    0.205          455.743
      Category 5    0.428          949.660
    CIVEVID
      Category 1    0.122          258.838
      Category 2    0.136          289.012
      Category 3    0.197          417.772
      Category 4    0.220          466.915
      Category 5    0.325          689.166
    CIVROLLE
      Category 1    0.110          240.118
      Category 2    0.172          375.394
      Category 3    0.198          432.334
      Category 4    0.215          469.382
      Category 5    0.305          664.751



THE MODEL ESTIMATION TERMINATED NORMALLY

     THE CHI-SQUARE TEST CANNOT BE COMPUTED BECAUSE THE FREQUENCY TABLE FOR THE
     CATEGORICAL VARIABLES IS TOO LARGE.




MODEL FIT INFORMATION

Number of Free Parameters                       95

Loglikelihood

          H0 Value                      -39999.939
          H0 Scaling Correction Factor      1.6246
            for MLR

Information Criteria

          Akaike (AIC)                   80189.879
          Bayesian (BIC)                 80734.371
          Sample-Size Adjusted BIC       80432.539
            (n* = (n + 2) / 24)



MODEL RESULTS

                                                    Two-Tailed
                    Estimate       S.E.  Est./S.E.    P-Value

 INCIVILI BY
    CIVTHREAT          1.000      0.000    999.000    999.000
    CIVHARM            1.060      0.087     12.248      0.000
    CIVSLUR            1.171      0.104     11.277      0.000
    CIVMISLEAD         1.029      0.089     11.508      0.000
    CIVDISRES          1.256      0.108     11.663      0.000
    CIVDEROG           1.155      0.097     11.865      0.000
    CIVVULGAR          1.018      0.090     11.334      0.000
    CIVPREVENT         0.818      0.071     11.555      0.000
    CIVFACE            1.004      0.082     12.218      0.000
    CIVDEMON           1.130      0.099     11.403      0.000
    CIVINSULT          1.122      0.093     12.120      0.000
    CIVMAKEFUN         1.075      0.097     11.024      0.000
    CIVEXAGG           0.794      0.060     13.150      0.000
    CIVINTRUPT         0.851      0.071     11.986      0.000
    CIVREFLIST         0.689      0.060     11.530      0.000
    CIVSHOUT           0.776      0.064     12.181      0.000
    CIVCHARAC          0.656      0.056     11.631      0.000
    CIVEVID            0.442      0.041     10.772      0.000
    CIVROLLEYE         0.635      0.060     10.499      0.000

 Thresholds
    CIVTHREA$1        -5.782      0.298    -19.385      0.000
    CIVTHREA$2        -4.276      0.236    -18.103      0.000
    CIVTHREA$3        -3.451      0.198    -17.399      0.000
    CIVTHREA$4        -2.596      0.160    -16.205      0.000
    CIVHARM$1         -5.460      0.306    -17.819      0.000
    CIVHARM$2         -4.409      0.250    -17.618      0.000
    CIVHARM$3         -3.461      0.196    -17.696      0.000
    CIVHARM$4         -2.632      0.167    -15.800      0.000
    CIVSLUR$1         -6.061      0.340    -17.802      0.000
    CIVSLUR$2         -4.977      0.270    -18.410      0.000
    CIVSLUR$3         -3.777      0.219    -17.262      0.000
    CIVSLUR$4         -2.612      0.179    -14.625      0.000
    CIVMISLE$1        -5.503      0.285    -19.279      0.000
    CIVMISLE$2        -4.121      0.227    -18.171      0.000
    CIVMISLE$3        -2.910      0.164    -17.796      0.000
    CIVMISLE$4        -1.529      0.123    -12.408      0.000
    CIVDISRE$1        -6.137      0.283    -21.716      0.000
    CIVDISRE$2        -4.593      0.214    -21.475      0.000
    CIVDISRE$3        -3.005      0.162    -18.554      0.000
    CIVDISRE$4        -1.105      0.123     -8.974      0.000
    CIVDEROG$1        -5.943      0.296    -20.093      0.000
    CIVDEROG$2        -4.079      0.206    -19.803      0.000
    CIVDEROG$3        -2.562      0.165    -15.530      0.000
    CIVDEROG$4        -1.136      0.124     -9.157      0.000
    CIVVULGA$1        -4.943      0.217    -22.810      0.000
    CIVVULGA$2        -3.649      0.176    -20.766      0.000
    CIVVULGA$3        -2.506      0.135    -18.574      0.000
    CIVVULGA$4        -1.115      0.113     -9.900      0.000
    CIVPREVE$1        -4.767      0.219    -21.768      0.000
    CIVPREVE$2        -3.359      0.144    -23.299      0.000
    CIVPREVE$3        -2.191      0.113    -19.368      0.000
    CIVPREVE$4        -0.648      0.091     -7.120      0.000
    CIVFACE$1         -5.228      0.234    -22.363      0.000
    CIVFACE$2         -3.641      0.170    -21.471      0.000
    CIVFACE$3         -2.292      0.131    -17.489      0.000
    CIVFACE$4         -0.865      0.109     -7.910      0.000
    CIVDEMON$1        -5.574      0.245    -22.777      0.000
    CIVDEMON$2        -3.824      0.182    -21.036      0.000
    CIVDEMON$3        -2.274      0.132    -17.219      0.000
    CIVDEMON$4        -0.631      0.110     -5.754      0.000
    CIVINSUL$1        -5.508      0.272    -20.271      0.000
    CIVINSUL$2        -3.710      0.175    -21.197      0.000
    CIVINSUL$3        -2.146      0.141    -15.260      0.000
    CIVINSUL$4        -0.474      0.107     -4.409      0.000
    CIVMAKEF$1        -5.352      0.224    -23.921      0.000
    CIVMAKEF$2        -3.439      0.169    -20.385      0.000
    CIVMAKEF$3        -2.046      0.124    -16.538      0.000
    CIVMAKEF$4        -0.430      0.105     -4.085      0.000
    CIVEXAGG$1        -4.331      0.186    -23.278      0.000
    CIVEXAGG$2        -2.692      0.124    -21.756      0.000
    CIVEXAGG$3        -1.389      0.096    -14.480      0.000
    CIVEXAGG$4         0.033      0.085      0.395      0.693
    CIVINTRU$1        -4.667      0.176    -26.538      0.000
    CIVINTRU$2        -2.928      0.122    -23.921      0.000
    CIVINTRU$3        -1.302      0.094    -13.887      0.000
    CIVINTRU$4         0.505      0.090      5.584      0.000
    CIVREFLI$1        -3.649      0.155    -23.606      0.000
    CIVREFLI$2        -2.172      0.102    -21.346      0.000
    CIVREFLI$3        -0.935      0.083    -11.310      0.000
    CIVREFLI$4         0.533      0.082      6.515      0.000
    CIVSHOUT$1        -3.942      0.151    -26.019      0.000
    CIVSHOUT$2        -2.119      0.108    -19.692      0.000
    CIVSHOUT$3        -0.855      0.086     -9.889      0.000
    CIVSHOUT$4         0.609      0.087      7.031      0.000
    CIVCHARA$1        -3.175      0.133    -23.901      0.000
    CIVCHARA$2        -1.916      0.099    -19.363      0.000
    CIVCHARA$3        -0.803      0.081     -9.867      0.000
    CIVCHARA$4         0.398      0.078      5.085      0.000
    CIVEVID$1         -2.397      0.103    -23.208      0.000
    CIVEVID$2         -1.324      0.079    -16.682      0.000
    CIVEVID$3         -0.266      0.069     -3.838      0.000
    CIVEVID$4          0.862      0.070     12.387      0.000
    CIVROLLE$1        -2.882      0.121    -23.905      0.000
    CIVROLLE$2        -1.360      0.088    -15.427      0.000
    CIVROLLE$3        -0.165      0.077     -2.146      0.032
    CIVROLLE$4         1.127      0.083     13.629      0.000

 Variances
    INCIVILITY         6.203      0.953      6.509      0.000


RESULTS IN PROBABILITY SCALE

                    Estimate

 CIVTHREA
    Category 1         0.030
    Category 2         0.051
    Category 3         0.048
    Category 4         0.068
    Category 5         0.803
 CIVHARM
    Category 1         0.044
    Category 2         0.039
    Category 3         0.055
    Category 4         0.065
    Category 5         0.797
 CIVSLUR
    Category 1         0.039
    Category 2         0.034
    Category 3         0.061
    Category 4         0.087
    Category 5         0.778
 CIVMISLE
    Category 1         0.040
    Category 2         0.053
    Category 3         0.081
    Category 4         0.136
    Category 5         0.689
 CIVDISRE
    Category 1         0.045
    Category 2         0.056
    Category 3         0.100
    Category 4         0.178
    Category 5         0.621
 CIVDEROG
    Category 1         0.040
    Category 2         0.074
    Category 3         0.110
    Category 4         0.144
    Category 5         0.632
 CIVVULGA
    Category 1         0.056
    Category 2         0.063
    Category 3         0.089
    Category 4         0.150
    Category 5         0.642
 CIVPREVE
    Category 1         0.040
    Category 2         0.066
    Category 3         0.100
    Category 4         0.198
    Category 5         0.596
 CIVFACE
    Category 1         0.045
    Category 2         0.072
    Category 3         0.109
    Category 4         0.162
    Category 5         0.612
 CIVDEMON
    Category 1         0.048
    Category 2         0.077
    Category 3         0.121
    Category 4         0.178
    Category 5         0.575
 CIVINSUL
    Category 1         0.049
    Category 2         0.082
    Category 3         0.127
    Category 4         0.185
    Category 5         0.557
 CIVMAKEF
    Category 1         0.049
    Category 2         0.093
    Category 3         0.119
    Category 4         0.185
    Category 5         0.554
 CIVEXAGG
    Category 1         0.052
    Category 2         0.101
    Category 3         0.144
    Category 4         0.207
    Category 5         0.495
 CIVINTRU
    Category 1         0.047
    Category 2         0.097
    Category 3         0.173
    Category 4         0.256
    Category 5         0.427
 CIVREFLI
    Category 1         0.070
    Category 2         0.116
    Category 3         0.163
    Category 4         0.238
    Category 5         0.413
 CIVSHOUT
    Category 1         0.067
    Category 2         0.140
    Category 3         0.163
    Category 4         0.223
    Category 5         0.407
 CIVCHARA
    Category 1         0.093
    Category 2         0.117
    Category 3         0.157
    Category 4         0.200
    Category 5         0.433
 CIVEVID
    Category 1         0.121
    Category 2         0.134
    Category 3         0.192
    Category 4         0.220
    Category 5         0.333
 CIVROLLE
    Category 1         0.111
    Category 2         0.169
    Category 3         0.192
    Category 4         0.215
    Category 5         0.314


STANDARDIZED MODEL RESULTS


STDYX Standardization

                                                    Two-Tailed
                    Estimate       S.E.  Est./S.E.    P-Value

 INCIVILI BY
    CIVTHREAT          0.808      0.022     37.559      0.000
    CIVHARM            0.824      0.022     37.640      0.000
    CIVSLUR            0.849      0.019     44.062      0.000
    CIVMISLEAD         0.816      0.020     40.991      0.000
    CIVDISRES          0.865      0.013     65.509      0.000
    CIVDEROG           0.846      0.017     50.538      0.000
    CIVVULGAR          0.813      0.017     47.089      0.000
    CIVPREVENT         0.747      0.022     34.632      0.000
    CIVFACE            0.809      0.018     45.472      0.000
    CIVDEMON           0.841      0.014     60.287      0.000
    CIVINSULT          0.839      0.015     55.576      0.000
    CIVMAKEFUN         0.828      0.015     57.028      0.000
    CIVEXAGG           0.737      0.020     37.284      0.000
    CIVINTRUPT         0.760      0.017     45.375      0.000
    CIVREFLIST         0.687      0.022     31.213      0.000
    CIVSHOUT           0.729      0.019     38.543      0.000
    CIVCHARAC          0.669      0.022     30.620      0.000
    CIVEVID            0.519      0.026     20.231      0.000
    CIVROLLEYE         0.657      0.021     31.694      0.000

 Thresholds
    CIVTHREA$1        -1.877      0.075    -24.936      0.000
    CIVTHREA$2        -1.388      0.055    -25.245      0.000
    CIVTHREA$3        -1.120      0.048    -23.453      0.000
    CIVTHREA$4        -0.843      0.041    -20.319      0.000
    CIVHARM$1         -1.704      0.068    -25.188      0.000
    CIVHARM$2         -1.376      0.055    -24.842      0.000
    CIVHARM$3         -1.080      0.046    -23.724      0.000
    CIVHARM$4         -0.821      0.040    -20.313      0.000
    CIVSLUR$1         -1.764      0.070    -25.193      0.000
    CIVSLUR$2         -1.449      0.056    -25.944      0.000
    CIVSLUR$3         -1.099      0.047    -23.492      0.000
    CIVSLUR$4         -0.760      0.039    -19.406      0.000
    CIVMISLE$1        -1.752      0.068    -25.598      0.000
    CIVMISLE$2        -1.312      0.054    -24.417      0.000
    CIVMISLE$3        -0.927      0.043    -21.693      0.000
    CIVMISLE$4        -0.487      0.035    -13.770      0.000
    CIVDISRE$1        -1.697      0.071    -24.055      0.000
    CIVDISRE$2        -1.270      0.052    -24.462      0.000
    CIVDISRE$3        -0.831      0.041    -20.125      0.000
    CIVDISRE$4        -0.306      0.033     -9.227      0.000
    CIVDEROG$1        -1.747      0.073    -24.049      0.000
    CIVDEROG$2        -1.199      0.050    -23.967      0.000
    CIVDEROG$3        -0.753      0.040    -18.707      0.000
    CIVDEROG$4        -0.334      0.034     -9.870      0.000
    CIVVULGA$1        -1.585      0.064    -24.920      0.000
    CIVVULGA$2        -1.170      0.050    -23.578      0.000
    CIVVULGA$3        -0.804      0.040    -20.067      0.000
    CIVVULGA$4        -0.358      0.034    -10.449      0.000
    CIVPREVE$1        -1.748      0.072    -24.300      0.000
    CIVPREVE$2        -1.232      0.050    -24.878      0.000
    CIVPREVE$3        -0.804      0.040    -20.061      0.000
    CIVPREVE$4        -0.238      0.033     -7.204      0.000
    CIVFACE$1         -1.693      0.066    -25.654      0.000
    CIVFACE$2         -1.179      0.048    -24.774      0.000
    CIVFACE$3         -0.742      0.039    -18.863      0.000
    CIVFACE$4         -0.280      0.034     -8.337      0.000
    CIVDEMON$1        -1.665      0.066    -25.034      0.000
    CIVDEMON$2        -1.142      0.048    -23.603      0.000
    CIVDEMON$3        -0.679      0.037    -18.180      0.000
    CIVDEMON$4        -0.188      0.032     -5.812      0.000
    CIVINSUL$1        -1.653      0.069    -23.956      0.000
    CIVINSUL$2        -1.114      0.047    -23.710      0.000
    CIVINSUL$3        -0.644      0.038    -16.880      0.000
    CIVINSUL$4        -0.142      0.032     -4.451      0.000
    CIVMAKEF$1        -1.655      0.065    -25.351      0.000
    CIVMAKEF$2        -1.064      0.048    -22.128      0.000
    CIVMAKEF$3        -0.633      0.037    -17.132      0.000
    CIVMAKEF$4        -0.133      0.032     -4.119      0.000
    CIVEXAGG$1        -1.614      0.063    -25.614      0.000
    CIVEXAGG$2        -1.003      0.043    -23.410      0.000
    CIVEXAGG$3        -0.518      0.035    -14.894      0.000
    CIVEXAGG$4         0.012      0.032      0.395      0.693
    CIVINTRU$1        -1.673      0.066    -25.498      0.000
    CIVINTRU$2        -1.050      0.044    -23.760      0.000
    CIVINTRU$3        -0.467      0.034    -13.635      0.000
    CIVINTRU$4         0.181      0.032      5.595      0.000
    CIVREFLI$1        -1.461      0.056    -26.068      0.000
    CIVREFLI$2        -0.870      0.039    -22.140      0.000
    CIVREFLI$3        -0.374      0.033    -11.259      0.000
    CIVREFLI$4         0.213      0.032      6.614      0.000
    CIVSHOUT$1        -1.487      0.056    -26.491      0.000
    CIVSHOUT$2        -0.800      0.040    -19.983      0.000
    CIVSHOUT$3        -0.323      0.033     -9.843      0.000
    CIVSHOUT$4         0.230      0.032      7.100      0.000
    CIVCHARA$1        -1.301      0.050    -26.185      0.000
    CIVCHARA$2        -0.785      0.038    -20.825      0.000
    CIVCHARA$3        -0.329      0.033    -10.108      0.000
    CIVCHARA$4         0.163      0.032      5.091      0.000
    CIVEVID$1         -1.130      0.046    -24.805      0.000
    CIVEVID$2         -0.624      0.036    -17.431      0.000
    CIVEVID$3         -0.125      0.032     -3.870      0.000
    CIVEVID$4          0.406      0.033     12.319      0.000
    CIVROLLE$1        -1.198      0.045    -26.423      0.000
    CIVROLLE$2        -0.565      0.034    -16.407      0.000
    CIVROLLE$3        -0.069      0.032     -2.159      0.031
    CIVROLLE$4         0.469      0.034     13.667      0.000

 Variances
    INCIVILITY         1.000      0.000    999.000    999.000


R-SQUARE

    Observed                                        Two-Tailed
    Variable        Estimate       S.E.  Est./S.E.    P-Value

    CIVTHREA           0.653      0.035     18.780      0.000
    CIVHARM            0.679      0.036     18.820      0.000
    CIVSLUR            0.721      0.033     22.031      0.000
    CIVMISLE           0.666      0.033     20.496      0.000
    CIVDISRE           0.748      0.023     32.754      0.000
    CIVDEROG           0.716      0.028     25.269      0.000
    CIVVULGA           0.662      0.028     23.545      0.000
    CIVPREVE           0.558      0.032     17.316      0.000
    CIVFACE            0.655      0.029     22.736      0.000
    CIVDEMON           0.707      0.023     30.143      0.000
    CIVINSUL           0.704      0.025     27.788      0.000
    CIVMAKEF           0.685      0.024     28.514      0.000
    CIVEXAGG           0.543      0.029     18.642      0.000
    CIVINTRU           0.577      0.025     22.687      0.000
    CIVREFLI           0.472      0.030     15.606      0.000
    CIVSHOUT           0.532      0.028     19.271      0.000
    CIVCHARA           0.448      0.029     15.310      0.000
    CIVEVID            0.269      0.027     10.116      0.000
    CIVROLLE           0.432      0.027     15.847      0.000


QUALITY OF NUMERICAL RESULTS

     Condition Number for the Information Matrix              0.637E-03
       (ratio of smallest to largest eigenvalue)


DIAGRAM INFORMATION

  Use View Diagram under the Diagram menu in the Mplus Editor to view the diagram.
  If running Mplus from the Mplus Diagrammer, the diagram opens automatically.

  Diagram output
    w:\projects\mplus files\incv-hcr-m1-ml.dgm

     Beginning Time:  14:34:42
        Ending Time:  14:34:56
       Elapsed Time:  00:00:14



MUTHEN & MUTHEN
3463 Stoner Ave.
Los Angeles, CA  90066

Tel: (310) 391-9971
Fax: (310) 391-8971
Web: www.StatModel.com
Support: Support@StatModel.com

Copyright (c) 1998-2019 Muthen & Muthen
