Mplus VERSION 8.4
MUTHEN & MUTHEN
09/30/2021   2:35 PM

INPUT INSTRUCTIONS

  TITLE: HCR Model 2;
  DATA: FILE = incv-hcr-mplus-data.csv;
  VARIABLE: NAMES = civthreat civharm civslur civmislead civdisres civderog
              civvulgar civprevent civface civdemon civinsult civmakefun
              civexagg civintrupt civreflist civshout civcharac civevid
              civrolleye civstand rwt;
    USEVAR = civslur civmislead civdisres civderog
      civvulgar civprevent civface civdemon civinsult civmakefun
      civexagg civintrupt civreflist civshout civcharac civevid
      civrolleye;
    CATEGORICAL = civslur civmislead civdisres civderog
      civvulgar civprevent civface civdemon civinsult civmakefun
      civexagg civintrupt civreflist civshout civcharac civevid
      civrolleye;
    MISSING = ALL(-9);
    WEIGHT = rwt;
  ANALYSIS: ESTIMATOR = WLSMV;
  MODEL:
    Incivility BY civslur civmislead civdisres civderog
      civvulgar civprevent civface civdemon civinsult civmakefun
      civexagg civintrupt civreflist civshout civcharac civevid
      civrolleye;
  OUTPUT: STDYX;



*** WARNING in VARIABLE command
  Note that only the first 8 characters of variable names are used in the output.
  Shorten variable names to avoid any confusion.
*** WARNING
  Data set contains cases with missing on all variables.
  These cases were not included in the analysis.
  Number of cases with missing on all variables:  7
   2 WARNING(S) FOUND IN THE INPUT INSTRUCTIONS



HCR Model 2;

SUMMARY OF ANALYSIS

Number of groups                                                 1
Number of observations                                        2279

Number of dependent variables                                   17
Number of independent variables                                  0
Number of continuous latent variables                            1

Observed dependent variables

  Binary and ordered categorical (ordinal)
   CIVSLUR     CIVMISLE    CIVDISRE    CIVDEROG    CIVVULGA    CIVPREVE
   CIVFACE     CIVDEMON    CIVINSUL    CIVMAKEF    CIVEXAGG    CIVINTRU
   CIVREFLI    CIVSHOUT    CIVCHARA    CIVEVID     CIVROLLE

Continuous latent variables
   INCIVILI

Variables with special functions

  Weight variable       RWT

Estimator                                                    WLSMV
Maximum number of iterations                                  1000
Convergence criterion                                    0.500D-04
Maximum number of steepest descent iterations                   20
Maximum number of iterations for H1                           2000
Convergence criterion for H1                             0.100D-03
Parameterization                                             DELTA
Link                                                        PROBIT

Input data file(s)
  incv-hcr-mplus-data.csv

Input data format  FREE


SUMMARY OF DATA

     Number of missing data patterns           252


COVARIANCE COVERAGE OF DATA

Minimum covariance coverage value   0.100


     PROPORTION OF DATA PRESENT


           Covariance Coverage
              CIVSLUR       CIVMISLE      CIVDISRE      CIVDEROG      CIVVULGA
              ________      ________      ________      ________      ________
 CIVSLUR        0.960
 CIVMISLE       0.939         0.958
 CIVDISRE       0.941         0.941         0.966
 CIVDEROG       0.943         0.942         0.949         0.974
 CIVVULGA       0.941         0.937         0.940         0.942         0.960
 CIVPREVE       0.931         0.929         0.932         0.934         0.929
 CIVFACE        0.939         0.938         0.944         0.946         0.938
 CIVDEMON       0.928         0.927         0.932         0.931         0.927
 CIVINSUL       0.943         0.943         0.950         0.958         0.942
 CIVMAKEF       0.941         0.939         0.945         0.946         0.939
 CIVEXAGG       0.943         0.945         0.950         0.958         0.941
 CIVINTRU       0.941         0.941         0.950         0.950         0.944
 CIVREFLI       0.932         0.932         0.938         0.948         0.932
 CIVSHOUT       0.945         0.942         0.951         0.959         0.944
 CIVCHARA       0.938         0.939         0.945         0.955         0.938
 CIVEVID        0.903         0.905         0.911         0.913         0.906
 CIVROLLE       0.931         0.930         0.939         0.941         0.933


           Covariance Coverage
              CIVPREVE      CIVFACE       CIVDEMON      CIVINSUL      CIVMAKEF
              ________      ________      ________      ________      ________
 CIVPREVE       0.951
 CIVFACE        0.933         0.962
 CIVDEMON       0.915         0.926         0.948
 CIVINSUL       0.934         0.945         0.932         0.976
 CIVMAKEF       0.931         0.941         0.932         0.947         0.963
 CIVEXAGG       0.936         0.947         0.934         0.961         0.946
 CIVINTRU       0.935         0.944         0.932         0.952         0.946
 CIVREFLI       0.925         0.935         0.925         0.953         0.938
 CIVSHOUT       0.937         0.946         0.933         0.961         0.947
 CIVCHARA       0.932         0.943         0.930         0.957         0.943
 CIVEVID        0.901         0.906         0.899         0.912         0.908
 CIVROLLE       0.925         0.935         0.925         0.942         0.936


           Covariance Coverage
              CIVEXAGG      CIVINTRU      CIVREFLI      CIVSHOUT      CIVCHARA
              ________      ________      ________      ________      ________
 CIVEXAGG       0.978
 CIVINTRU       0.953         0.968
 CIVREFLI       0.952         0.941         0.966
 CIVSHOUT       0.961         0.953         0.953         0.978
 CIVCHARA       0.958         0.948         0.947         0.958         0.972
 CIVEVID        0.915         0.913         0.907         0.914         0.910
 CIVROLLE       0.943         0.939         0.936         0.944         0.938


           Covariance Coverage
              CIVEVID       CIVROLLE
              ________      ________
 CIVEVID        0.930
 CIVROLLE       0.907         0.958


UNIVARIATE PROPORTIONS AND COUNTS FOR CATEGORICAL VARIABLES

    CIVSLUR
      Category 1    0.041           90.149
      Category 2    0.026           56.502
      Category 3    0.050          109.591
      Category 4    0.083          181.909
      Category 5    0.799         1741.533
    CIVMISLE
      Category 1    0.041           89.864
      Category 2    0.043           94.049
      Category 3    0.072          157.521
      Category 4    0.138          299.727
      Category 5    0.705         1532.512
    CIVDISRE
      Category 1    0.046          101.414
      Category 2    0.044           96.870
      Category 3    0.087          192.636
      Category 4    0.187          412.461
      Category 5    0.635         1399.533
    CIVDEROG
      Category 1    0.041           91.082
      Category 2    0.058          128.557
      Category 3    0.101          225.283
      Category 4    0.154          342.017
      Category 5    0.646         1434.108
    CIVVULGA
      Category 1    0.057          124.497
      Category 2    0.052          114.313
      Category 3    0.081          178.634
      Category 4    0.157          343.669
      Category 5    0.653         1434.079
    CIVPREVE
      Category 1    0.042           90.836
      Category 2    0.053          115.625
      Category 3    0.089          194.190
      Category 4    0.205          445.365
      Category 5    0.610         1324.630
    CIVFACE
      Category 1    0.046          100.750
      Category 2    0.060          131.922
      Category 3    0.103          225.446
      Category 4    0.169          371.653
      Category 5    0.622         1368.161
    CIVDEMON
      Category 1    0.049          104.491
      Category 2    0.065          139.126
      Category 3    0.115          246.966
      Category 4    0.189          404.880
      Category 5    0.582         1248.572
    CIVINSUL
      Category 1    0.047          103.797
      Category 2    0.067          148.825
      Category 3    0.121          269.628
      Category 4    0.201          448.016
      Category 5    0.564         1253.518
    CIVMAKEF
      Category 1    0.049          108.013
      Category 2    0.079          173.272
      Category 3    0.114          247.811
      Category 4    0.197          429.023
      Category 5    0.561         1224.296
    CIVEXAGG
      Category 1    0.052          115.392
      Category 2    0.090          201.251
      Category 3    0.143          319.571
      Category 4    0.219          488.184
      Category 5    0.496         1105.252
    CIVINTRU
      Category 1    0.047          102.870
      Category 2    0.083          182.998
      Category 3    0.174          383.682
      Category 4    0.272          598.215
      Category 5    0.425          935.129
    CIVREFLI
      Category 1    0.068          149.010
      Category 2    0.106          234.145
      Category 3    0.162          357.247
      Category 4    0.249          547.521
      Category 5    0.414          910.649
    CIVSHOUT
      Category 1    0.064          142.447
      Category 2    0.129          288.006
      Category 3    0.166          370.428
      Category 4    0.234          521.026
      Category 5    0.407          905.543
    CIVCHARA
      Category 1    0.092          203.578
      Category 2    0.114          253.538
      Category 3    0.160          355.243
      Category 4    0.205          455.743
      Category 5    0.428          949.660
    CIVEVID
      Category 1    0.122          258.838
      Category 2    0.136          289.012
      Category 3    0.197          417.772
      Category 4    0.220          466.915
      Category 5    0.325          689.166
    CIVROLLE
      Category 1    0.110          240.118
      Category 2    0.172          375.394
      Category 3    0.198          432.334
      Category 4    0.215          469.382
      Category 5    0.305          664.751



THE MODEL ESTIMATION TERMINATED NORMALLY



MODEL FIT INFORMATION

Number of Free Parameters                       85

Chi-Square Test of Model Fit

          Value                           1504.551*
          Degrees of Freedom                   119
          P-Value                           0.0000

*   The chi-square value for MLM, MLMV, MLR, ULSMV, WLSM and WLSMV cannot be used
    for chi-square difference testing in the regular way.  MLM, MLR and WLSM
    chi-square difference testing is described on the Mplus website.  MLMV, WLSMV,
    and ULSMV difference testing is done using the DIFFTEST option.

RMSEA (Root Mean Square Error Of Approximation)

          Estimate                           0.071
          90 Percent C.I.                    0.068  0.075
          Probability RMSEA <= .05           0.000

CFI/TLI

          CFI                                0.942
          TLI                                0.934

Chi-Square Test of Model Fit for the Baseline Model

          Value                          24007.635
          Degrees of Freedom                   136
          P-Value                           0.0000

SRMR (Standardized Root Mean Square Residual)

          Value                              0.051

Optimum Function Value for Weighted Least-Squares Estimator

          Value                     0.21519046D+00



MODEL RESULTS

                                                    Two-Tailed
                    Estimate       S.E.  Est./S.E.    P-Value

 INCIVILI BY
    CIVSLUR            1.000      0.000    999.000    999.000
    CIVMISLEAD         0.958      0.019     49.650      0.000
    CIVDISRES          1.012      0.017     58.689      0.000
    CIVDEROG           0.994      0.019     53.155      0.000
    CIVVULGAR          0.944      0.018     51.688      0.000
    CIVPREVENT         0.872      0.019     45.736      0.000
    CIVFACE            0.940      0.018     52.570      0.000
    CIVDEMON           0.976      0.017     56.812      0.000
    CIVINSULT          0.986      0.018     54.819      0.000
    CIVMAKEFUN         0.968      0.017     55.806      0.000
    CIVEXAGG           0.863      0.019     46.115      0.000
    CIVINTRUPT         0.889      0.018     48.439      0.000
    CIVREFLIST         0.828      0.021     40.394      0.000
    CIVSHOUT           0.865      0.019     45.031      0.000
    CIVCHARAC          0.802      0.022     37.136      0.000
    CIVEVID            0.660      0.025     26.630      0.000
    CIVROLLEYE         0.788      0.023     34.063      0.000

 Thresholds
    CIVSLUR$1         -1.735      0.062    -28.091      0.000
    CIVSLUR$2         -1.496      0.050    -29.656      0.000
    CIVSLUR$3         -1.187      0.043    -27.542      0.000
    CIVSLUR$4         -0.838      0.038    -22.190      0.000
    CIVMISLE$1        -1.735      0.062    -27.783      0.000
    CIVMISLE$2        -1.375      0.050    -27.682      0.000
    CIVMISLE$3        -1.007      0.042    -24.172      0.000
    CIVMISLE$4        -0.539      0.037    -14.658      0.000
    CIVDISRE$1        -1.685      0.061    -27.409      0.000
    CIVDISRE$2        -1.341      0.047    -28.681      0.000
    CIVDISRE$3        -0.925      0.039    -23.424      0.000
    CIVDISRE$4        -0.346      0.035     -9.947      0.000
    CIVDEROG$1        -1.739      0.064    -27.176      0.000
    CIVDEROG$2        -1.288      0.046    -27.823      0.000
    CIVDEROG$3        -0.840      0.040    -21.172      0.000
    CIVDEROG$4        -0.374      0.035    -10.554      0.000
    CIVVULGA$1        -1.583      0.056    -28.267      0.000
    CIVVULGA$2        -1.233      0.046    -26.856      0.000
    CIVVULGA$3        -0.877      0.039    -22.355      0.000
    CIVVULGA$4        -0.394      0.036    -11.077      0.000
    CIVPREVE$1        -1.730      0.064    -26.891      0.000
    CIVPREVE$2        -1.310      0.048    -27.572      0.000
    CIVPREVE$3        -0.898      0.040    -22.575      0.000
    CIVPREVE$4        -0.280      0.035     -8.027      0.000
    CIVFACE$1         -1.687      0.058    -28.857      0.000
    CIVFACE$2         -1.249      0.045    -28.002      0.000
    CIVFACE$3         -0.812      0.039    -20.871      0.000
    CIVFACE$4         -0.312      0.035     -8.887      0.000
    CIVDEMON$1        -1.657      0.059    -28.278      0.000
    CIVDEMON$2        -1.207      0.045    -26.781      0.000
    CIVDEMON$3        -0.743      0.037    -19.914      0.000
    CIVDEMON$4        -0.208      0.035     -6.001      0.000
    CIVINSUL$1        -1.678      0.061    -27.337      0.000
    CIVINSUL$2        -1.208      0.045    -27.101      0.000
    CIVINSUL$3        -0.723      0.038    -18.897      0.000
    CIVINSUL$4        -0.160      0.034     -4.675      0.000
    CIVMAKEF$1        -1.650      0.058    -28.584      0.000
    CIVMAKEF$2        -1.132      0.045    -25.162      0.000
    CIVMAKEF$3        -0.698      0.037    -18.647      0.000
    CIVMAKEF$4        -0.153      0.035     -4.448      0.000
    CIVEXAGG$1        -1.628      0.057    -28.369      0.000
    CIVEXAGG$2        -1.071      0.042    -25.699      0.000
    CIVEXAGG$3        -0.567      0.036    -15.755      0.000
    CIVEXAGG$4         0.011      0.034      0.317      0.752
    CIVINTRU$1        -1.678      0.059    -28.458      0.000
    CIVINTRU$2        -1.127      0.042    -27.085      0.000
    CIVINTRU$3        -0.513      0.035    -14.498      0.000
    CIVINTRU$4         0.190      0.034      5.533      0.000
    CIVREFLI$1        -1.493      0.052    -28.592      0.000
    CIVREFLI$2        -0.937      0.040    -23.578      0.000
    CIVREFLI$3        -0.421      0.035    -12.010      0.000
    CIVREFLI$4         0.217      0.035      6.269      0.000
    CIVSHOUT$1        -1.522      0.051    -29.683      0.000
    CIVSHOUT$2        -0.866      0.040    -21.770      0.000
    CIVSHOUT$3        -0.360      0.035    -10.267      0.000
    CIVSHOUT$4         0.236      0.034      6.948      0.000
    CIVCHARA$1        -1.330      0.047    -28.441      0.000
    CIVCHARA$2        -0.820      0.038    -21.545      0.000
    CIVCHARA$3        -0.342      0.035     -9.813      0.000
    CIVCHARA$4         0.181      0.035      5.242      0.000
    CIVEVID$1         -1.165      0.045    -26.092      0.000
    CIVEVID$2         -0.649      0.038    -17.233      0.000
    CIVEVID$3         -0.113      0.035     -3.210      0.001
    CIVEVID$4          0.454      0.036     12.713      0.000
    CIVROLLE$1        -1.226      0.044    -28.167      0.000
    CIVROLLE$2        -0.577      0.037    -15.731      0.000
    CIVROLLE$3        -0.050      0.034     -1.444      0.149
    CIVROLLE$4         0.511      0.036     14.024      0.000

 Variances
    INCIVILITY         0.732      0.025     29.468      0.000


STANDARDIZED MODEL RESULTS


STDYX Standardization

                                                    Two-Tailed
                    Estimate       S.E.  Est./S.E.    P-Value

 INCIVILI BY
    CIVSLUR            0.856      0.015     58.936      0.000
    CIVMISLEAD         0.819      0.016     51.987      0.000
    CIVDISRES          0.866      0.010     86.232      0.000
    CIVDEROG           0.850      0.012     68.905      0.000
    CIVVULGAR          0.808      0.013     60.054      0.000
    CIVPREVENT         0.746      0.017     45.075      0.000
    CIVFACE            0.804      0.014     58.575      0.000
    CIVDEMON           0.835      0.011     74.264      0.000
    CIVINSULT          0.844      0.011     76.746      0.000
    CIVMAKEFUN         0.828      0.011     74.493      0.000
    CIVEXAGG           0.738      0.015     48.051      0.000
    CIVINTRUPT         0.761      0.013     59.797      0.000
    CIVREFLIST         0.709      0.016     44.160      0.000
    CIVSHOUT           0.740      0.013     55.274      0.000
    CIVCHARAC          0.686      0.017     40.978      0.000
    CIVEVID            0.564      0.021     27.102      0.000
    CIVROLLEYE         0.674      0.017     40.499      0.000

 Thresholds
    CIVSLUR$1         -1.735      0.062    -28.091      0.000
    CIVSLUR$2         -1.496      0.050    -29.656      0.000
    CIVSLUR$3         -1.187      0.043    -27.542      0.000
    CIVSLUR$4         -0.838      0.038    -22.190      0.000
    CIVMISLE$1        -1.735      0.062    -27.783      0.000
    CIVMISLE$2        -1.375      0.050    -27.682      0.000
    CIVMISLE$3        -1.007      0.042    -24.172      0.000
    CIVMISLE$4        -0.539      0.037    -14.658      0.000
    CIVDISRE$1        -1.685      0.061    -27.409      0.000
    CIVDISRE$2        -1.341      0.047    -28.681      0.000
    CIVDISRE$3        -0.925      0.039    -23.424      0.000
    CIVDISRE$4        -0.346      0.035     -9.947      0.000
    CIVDEROG$1        -1.739      0.064    -27.176      0.000
    CIVDEROG$2        -1.288      0.046    -27.823      0.000
    CIVDEROG$3        -0.840      0.040    -21.172      0.000
    CIVDEROG$4        -0.374      0.035    -10.554      0.000
    CIVVULGA$1        -1.583      0.056    -28.267      0.000
    CIVVULGA$2        -1.233      0.046    -26.856      0.000
    CIVVULGA$3        -0.877      0.039    -22.355      0.000
    CIVVULGA$4        -0.394      0.036    -11.077      0.000
    CIVPREVE$1        -1.730      0.064    -26.891      0.000
    CIVPREVE$2        -1.310      0.048    -27.572      0.000
    CIVPREVE$3        -0.898      0.040    -22.575      0.000
    CIVPREVE$4        -0.280      0.035     -8.027      0.000
    CIVFACE$1         -1.687      0.058    -28.857      0.000
    CIVFACE$2         -1.249      0.045    -28.002      0.000
    CIVFACE$3         -0.812      0.039    -20.871      0.000
    CIVFACE$4         -0.312      0.035     -8.887      0.000
    CIVDEMON$1        -1.657      0.059    -28.278      0.000
    CIVDEMON$2        -1.207      0.045    -26.781      0.000
    CIVDEMON$3        -0.743      0.037    -19.914      0.000
    CIVDEMON$4        -0.208      0.035     -6.001      0.000
    CIVINSUL$1        -1.678      0.061    -27.337      0.000
    CIVINSUL$2        -1.208      0.045    -27.101      0.000
    CIVINSUL$3        -0.723      0.038    -18.897      0.000
    CIVINSUL$4        -0.160      0.034     -4.675      0.000
    CIVMAKEF$1        -1.650      0.058    -28.584      0.000
    CIVMAKEF$2        -1.132      0.045    -25.162      0.000
    CIVMAKEF$3        -0.698      0.037    -18.647      0.000
    CIVMAKEF$4        -0.153      0.035     -4.448      0.000
    CIVEXAGG$1        -1.628      0.057    -28.369      0.000
    CIVEXAGG$2        -1.071      0.042    -25.699      0.000
    CIVEXAGG$3        -0.567      0.036    -15.755      0.000
    CIVEXAGG$4         0.011      0.034      0.317      0.752
    CIVINTRU$1        -1.678      0.059    -28.458      0.000
    CIVINTRU$2        -1.127      0.042    -27.085      0.000
    CIVINTRU$3        -0.513      0.035    -14.498      0.000
    CIVINTRU$4         0.190      0.034      5.533      0.000
    CIVREFLI$1        -1.493      0.052    -28.592      0.000
    CIVREFLI$2        -0.937      0.040    -23.578      0.000
    CIVREFLI$3        -0.421      0.035    -12.010      0.000
    CIVREFLI$4         0.217      0.035      6.269      0.000
    CIVSHOUT$1        -1.522      0.051    -29.683      0.000
    CIVSHOUT$2        -0.866      0.040    -21.770      0.000
    CIVSHOUT$3        -0.360      0.035    -10.267      0.000
    CIVSHOUT$4         0.236      0.034      6.948      0.000
    CIVCHARA$1        -1.330      0.047    -28.441      0.000
    CIVCHARA$2        -0.820      0.038    -21.545      0.000
    CIVCHARA$3        -0.342      0.035     -9.813      0.000
    CIVCHARA$4         0.181      0.035      5.242      0.000
    CIVEVID$1         -1.165      0.045    -26.092      0.000
    CIVEVID$2         -0.649      0.038    -17.233      0.000
    CIVEVID$3         -0.113      0.035     -3.210      0.001
    CIVEVID$4          0.454      0.036     12.713      0.000
    CIVROLLE$1        -1.226      0.044    -28.167      0.000
    CIVROLLE$2        -0.577      0.037    -15.731      0.000
    CIVROLLE$3        -0.050      0.034     -1.444      0.149
    CIVROLLE$4         0.511      0.036     14.024      0.000

 Variances
    INCIVILITY         1.000      0.000    999.000    999.000


R-SQUARE

    Observed                                        Two-Tailed   Residual
    Variable        Estimate       S.E.  Est./S.E.    P-Value    Variance

    CIVSLUR            0.732      0.025     29.468      0.000      0.268
    CIVMISLE           0.671      0.026     25.993      0.000      0.329
    CIVDISRE           0.750      0.017     43.116      0.000      0.250
    CIVDEROG           0.723      0.021     34.453      0.000      0.277
    CIVVULGA           0.653      0.022     30.027      0.000      0.347
    CIVPREVE           0.556      0.025     22.538      0.000      0.444
    CIVFACE            0.646      0.022     29.288      0.000      0.354
    CIVDEMON           0.698      0.019     37.132      0.000      0.302
    CIVINSUL           0.712      0.019     38.373      0.000      0.288
    CIVMAKEF           0.686      0.018     37.246      0.000      0.314
    CIVEXAGG           0.545      0.023     24.025      0.000      0.455
    CIVINTRU           0.579      0.019     29.899      0.000      0.421
    CIVREFLI           0.502      0.023     22.080      0.000      0.498
    CIVSHOUT           0.547      0.020     27.637      0.000      0.453
    CIVCHARA           0.470      0.023     20.489      0.000      0.530
    CIVEVID            0.319      0.024     13.551      0.000      0.681
    CIVROLLE           0.455      0.022     20.250      0.000      0.545


QUALITY OF NUMERICAL RESULTS

     Condition Number for the Information Matrix              0.109E-02
       (ratio of smallest to largest eigenvalue)


DIAGRAM INFORMATION

  Use View Diagram under the Diagram menu in the Mplus Editor to view the diagram.
  If running Mplus from the Mplus Diagrammer, the diagram opens automatically.

  Diagram output
    w:\projects\mplus files\incv-hcr-m2.dgm

     Beginning Time:  14:35:15
        Ending Time:  14:35:21
       Elapsed Time:  00:00:06



MUTHEN & MUTHEN
3463 Stoner Ave.
Los Angeles, CA  90066

Tel: (310) 391-9971
Fax: (310) 391-8971
Web: www.StatModel.com
Support: Support@StatModel.com

Copyright (c) 1998-2019 Muthen & Muthen
