Mplus VERSION 8.6
MUTHEN & MUTHEN
02/22/2022   4:50 PM

INPUT INSTRUCTIONS

  TITLE: FDPI Model 1;
  DATA: FILE = incv-fdpi-mplus-data.csv;
  VARIABLE: NAMES = civthreat civharm civslur civmislead civdisres civderog
              civvulgar civprevent civface civdemon civinsult civmakefun
              civexagg civintrupt civreflist civshout civcharac civevid
              civrolleye civstand civflame civliar civtroll civevanger civevfear
              civanger rwt;
    USEVAR = civslur civmislead civdisres civderog
      civvulgar civprevent civface civdemon civinsult civmakefun
      civexagg civintrupt civreflist civshout civcharac civevid
      civrolleye;
    CATEGORICAL = civslur civmislead civdisres civderog
      civvulgar civprevent civface civdemon civinsult civmakefun
      civexagg civintrupt civreflist civshout civcharac civevid
      civrolleye;
    MISSING = ALL(-9);
    WEIGHT = rwt;
  ANALYSIS: ESTIMATOR = WLSMV;
  MODEL:
    Discursive BY civface civintrupt civprevent civreflist civrolleye;
    Deception  BY civexagg civmislead civevid;
    Utterance  BY civderog civvulgar civdisres civslur civshout
                  civcharac civmakefun civinsult civdemon;
  OUTPUT: STDYX;



*** WARNING in VARIABLE command
  Note that only the first 8 characters of variable names are used in the output.
  Shorten variable names to avoid any confusion.
   1 WARNING(S) FOUND IN THE INPUT INSTRUCTIONS



FDPI Model 1;

SUMMARY OF ANALYSIS

Number of groups                                                 1
Number of observations                                        2279

Number of dependent variables                                   17
Number of independent variables                                  0
Number of continuous latent variables                            3

Observed dependent variables

  Binary and ordered categorical (ordinal)
   CIVSLUR     CIVMISLE    CIVDISRE    CIVDEROG    CIVVULGA    CIVPREVE
   CIVFACE     CIVDEMON    CIVINSUL    CIVMAKEF    CIVEXAGG    CIVINTRU
   CIVREFLI    CIVSHOUT    CIVCHARA    CIVEVID     CIVROLLE

Continuous latent variables
   DISCURSI    DECEPTIO    UTTERANC

Variables with special functions

  Weight variable       RWT

Estimator                                                    WLSMV
Maximum number of iterations                                  1000
Convergence criterion                                    0.500D-04
Maximum number of steepest descent iterations                   20
Maximum number of iterations for H1                           2000
Convergence criterion for H1                             0.100D-03
Parameterization                                             DELTA
Link                                                        PROBIT

Input data file(s)
  incv-fdpi-mplus-data.csv

Input data format  FREE


SUMMARY OF DATA

     Number of missing data patterns           252


COVARIANCE COVERAGE OF DATA

Minimum covariance coverage value   0.100


     PROPORTION OF DATA PRESENT


           Covariance Coverage
              CIVSLUR       CIVMISLE      CIVDISRE      CIVDEROG      CIVVULGA
              ________      ________      ________      ________      ________
 CIVSLUR        0.960
 CIVMISLE       0.939         0.958
 CIVDISRE       0.941         0.941         0.966
 CIVDEROG       0.943         0.942         0.949         0.974
 CIVVULGA       0.941         0.937         0.940         0.942         0.960
 CIVPREVE       0.931         0.929         0.932         0.934         0.929
 CIVFACE        0.939         0.938         0.944         0.946         0.938
 CIVDEMON       0.928         0.927         0.932         0.931         0.927
 CIVINSUL       0.943         0.943         0.950         0.958         0.942
 CIVMAKEF       0.941         0.939         0.945         0.946         0.939
 CIVEXAGG       0.943         0.945         0.950         0.958         0.941
 CIVINTRU       0.941         0.941         0.950         0.950         0.944
 CIVREFLI       0.932         0.932         0.938         0.948         0.932
 CIVSHOUT       0.945         0.942         0.951         0.959         0.944
 CIVCHARA       0.938         0.939         0.945         0.955         0.938
 CIVEVID        0.903         0.905         0.911         0.913         0.906
 CIVROLLE       0.931         0.930         0.939         0.941         0.933


           Covariance Coverage
              CIVPREVE      CIVFACE       CIVDEMON      CIVINSUL      CIVMAKEF
              ________      ________      ________      ________      ________
 CIVPREVE       0.951
 CIVFACE        0.933         0.962
 CIVDEMON       0.915         0.926         0.948
 CIVINSUL       0.934         0.945         0.932         0.976
 CIVMAKEF       0.931         0.941         0.932         0.947         0.963
 CIVEXAGG       0.936         0.947         0.934         0.961         0.946
 CIVINTRU       0.935         0.944         0.932         0.952         0.946
 CIVREFLI       0.925         0.935         0.925         0.953         0.938
 CIVSHOUT       0.937         0.946         0.933         0.961         0.947
 CIVCHARA       0.932         0.943         0.930         0.957         0.943
 CIVEVID        0.901         0.906         0.899         0.912         0.908
 CIVROLLE       0.925         0.935         0.925         0.942         0.936


           Covariance Coverage
              CIVEXAGG      CIVINTRU      CIVREFLI      CIVSHOUT      CIVCHARA
              ________      ________      ________      ________      ________
 CIVEXAGG       0.978
 CIVINTRU       0.953         0.968
 CIVREFLI       0.952         0.941         0.966
 CIVSHOUT       0.961         0.953         0.953         0.978
 CIVCHARA       0.958         0.948         0.947         0.958         0.972
 CIVEVID        0.915         0.913         0.907         0.914         0.910
 CIVROLLE       0.943         0.939         0.936         0.944         0.938


           Covariance Coverage
              CIVEVID       CIVROLLE
              ________      ________
 CIVEVID        0.930
 CIVROLLE       0.907         0.958


UNIVARIATE PROPORTIONS AND COUNTS FOR CATEGORICAL VARIABLES

    CIVSLUR
      Category 1    0.041           90.149
      Category 2    0.026           56.502
      Category 3    0.050          109.591
      Category 4    0.083          181.909
      Category 5    0.799         1741.533
    CIVMISLE
      Category 1    0.041           89.864
      Category 2    0.043           94.049
      Category 3    0.072          157.521
      Category 4    0.138          299.727
      Category 5    0.705         1532.512
    CIVDISRE
      Category 1    0.046          101.414
      Category 2    0.044           96.870
      Category 3    0.087          192.636
      Category 4    0.187          412.461
      Category 5    0.635         1399.533
    CIVDEROG
      Category 1    0.041           91.082
      Category 2    0.058          128.557
      Category 3    0.101          225.283
      Category 4    0.154          342.017
      Category 5    0.646         1434.108
    CIVVULGA
      Category 1    0.057          124.497
      Category 2    0.052          114.313
      Category 3    0.081          178.634
      Category 4    0.157          343.669
      Category 5    0.653         1434.079
    CIVPREVE
      Category 1    0.042           90.836
      Category 2    0.053          115.625
      Category 3    0.089          194.190
      Category 4    0.205          445.365
      Category 5    0.610         1324.630
    CIVFACE
      Category 1    0.046          100.750
      Category 2    0.060          131.922
      Category 3    0.103          225.446
      Category 4    0.169          371.653
      Category 5    0.622         1368.161
    CIVDEMON
      Category 1    0.049          104.491
      Category 2    0.065          139.126
      Category 3    0.115          246.966
      Category 4    0.189          404.880
      Category 5    0.582         1248.572
    CIVINSUL
      Category 1    0.047          103.797
      Category 2    0.067          148.825
      Category 3    0.121          269.628
      Category 4    0.201          448.016
      Category 5    0.564         1253.518
    CIVMAKEF
      Category 1    0.049          108.013
      Category 2    0.079          173.272
      Category 3    0.114          247.811
      Category 4    0.197          429.023
      Category 5    0.561         1224.296
    CIVEXAGG
      Category 1    0.052          115.392
      Category 2    0.090          201.251
      Category 3    0.143          319.571
      Category 4    0.219          488.184
      Category 5    0.496         1105.252
    CIVINTRU
      Category 1    0.047          102.870
      Category 2    0.083          182.998
      Category 3    0.174          383.682
      Category 4    0.272          598.215
      Category 5    0.425          935.129
    CIVREFLI
      Category 1    0.068          149.010
      Category 2    0.106          234.145
      Category 3    0.162          357.247
      Category 4    0.249          547.521
      Category 5    0.414          910.649
    CIVSHOUT
      Category 1    0.064          142.447
      Category 2    0.129          288.006
      Category 3    0.166          370.428
      Category 4    0.234          521.026
      Category 5    0.407          905.543
    CIVCHARA
      Category 1    0.092          203.578
      Category 2    0.114          253.538
      Category 3    0.160          355.243
      Category 4    0.205          455.743
      Category 5    0.428          949.660
    CIVEVID
      Category 1    0.122          258.838
      Category 2    0.136          289.012
      Category 3    0.197          417.772
      Category 4    0.220          466.915
      Category 5    0.325          689.166
    CIVROLLE
      Category 1    0.110          240.118
      Category 2    0.172          375.394
      Category 3    0.198          432.334
      Category 4    0.215          469.382
      Category 5    0.305          664.751



THE MODEL ESTIMATION TERMINATED NORMALLY



MODEL FIT INFORMATION

Number of Free Parameters                       88

Chi-Square Test of Model Fit

          Value                           1376.697*
          Degrees of Freedom                   116
          P-Value                           0.0000

*   The chi-square value for MLM, MLMV, MLR, ULSMV, WLSM and WLSMV cannot be used
    for chi-square difference testing in the regular way.  MLM, MLR and WLSM
    chi-square difference testing is described on the Mplus website.  MLMV, WLSMV,
    and ULSMV difference testing is done using the DIFFTEST option.

RMSEA (Root Mean Square Error Of Approximation)

          Estimate                           0.069
          90 Percent C.I.                    0.066  0.072
          Probability RMSEA <= .05           0.000

CFI/TLI

          CFI                                0.947
          TLI                                0.938

Chi-Square Test of Model Fit for the Baseline Model

          Value                          24007.635
          Degrees of Freedom                   136
          P-Value                           0.0000

SRMR (Standardized Root Mean Square Residual)

          Value                              0.048

Optimum Function Value for Weighted Least-Squares Estimator

          Value                     0.19409983D+00



MODEL RESULTS

                                                    Two-Tailed
                    Estimate       S.E.  Est./S.E.    P-Value

 DISCURSI BY
    CIVFACE            1.000      0.000    999.000    999.000
    CIVINTRUPT         0.945      0.017     55.216      0.000
    CIVPREVENT         0.926      0.021     45.113      0.000
    CIVREFLIST         0.880      0.022     39.974      0.000
    CIVROLLEYE         0.837      0.023     35.808      0.000

 DECEPTIO BY
    CIVEXAGG           1.000      0.000    999.000    999.000
    CIVMISLEAD         1.116      0.022     51.184      0.000
    CIVEVID            0.761      0.027     27.982      0.000

 UTTERANC BY
    CIVDEROG           1.000      0.000    999.000    999.000
    CIVVULGAR          0.951      0.017     55.675      0.000
    CIVDISRES          1.019      0.015     66.129      0.000
    CIVSLUR            1.009      0.019     53.001      0.000
    CIVSHOUT           0.872      0.015     57.863      0.000
    CIVCHARAC          0.809      0.019     42.421      0.000
    CIVMAKEFUN         0.976      0.016     61.343      0.000
    CIVINSULT          0.993      0.015     67.522      0.000
    CIVDEMON           0.984      0.016     63.271      0.000

 DECEPTIO WITH
    DISCURSIVE         0.613      0.019     32.811      0.000

 UTTERANC WITH
    DISCURSIVE         0.674      0.018     38.447      0.000
    DECEPTION          0.598      0.020     30.535      0.000

 Thresholds
    CIVSLUR$1         -1.735      0.062    -28.091      0.000
    CIVSLUR$2         -1.496      0.050    -29.656      0.000
    CIVSLUR$3         -1.187      0.043    -27.542      0.000
    CIVSLUR$4         -0.838      0.038    -22.190      0.000
    CIVMISLE$1        -1.735      0.062    -27.783      0.000
    CIVMISLE$2        -1.375      0.050    -27.682      0.000
    CIVMISLE$3        -1.007      0.042    -24.172      0.000
    CIVMISLE$4        -0.539      0.037    -14.658      0.000
    CIVDISRE$1        -1.685      0.061    -27.409      0.000
    CIVDISRE$2        -1.341      0.047    -28.681      0.000
    CIVDISRE$3        -0.925      0.039    -23.424      0.000
    CIVDISRE$4        -0.346      0.035     -9.947      0.000
    CIVDEROG$1        -1.739      0.064    -27.176      0.000
    CIVDEROG$2        -1.288      0.046    -27.823      0.000
    CIVDEROG$3        -0.840      0.040    -21.172      0.000
    CIVDEROG$4        -0.374      0.035    -10.554      0.000
    CIVVULGA$1        -1.583      0.056    -28.267      0.000
    CIVVULGA$2        -1.233      0.046    -26.856      0.000
    CIVVULGA$3        -0.877      0.039    -22.355      0.000
    CIVVULGA$4        -0.394      0.036    -11.077      0.000
    CIVPREVE$1        -1.730      0.064    -26.891      0.000
    CIVPREVE$2        -1.310      0.048    -27.572      0.000
    CIVPREVE$3        -0.898      0.040    -22.575      0.000
    CIVPREVE$4        -0.280      0.035     -8.027      0.000
    CIVFACE$1         -1.687      0.058    -28.857      0.000
    CIVFACE$2         -1.249      0.045    -28.002      0.000
    CIVFACE$3         -0.812      0.039    -20.871      0.000
    CIVFACE$4         -0.312      0.035     -8.887      0.000
    CIVDEMON$1        -1.657      0.059    -28.278      0.000
    CIVDEMON$2        -1.207      0.045    -26.781      0.000
    CIVDEMON$3        -0.743      0.037    -19.914      0.000
    CIVDEMON$4        -0.208      0.035     -6.001      0.000
    CIVINSUL$1        -1.678      0.061    -27.337      0.000
    CIVINSUL$2        -1.208      0.045    -27.101      0.000
    CIVINSUL$3        -0.723      0.038    -18.897      0.000
    CIVINSUL$4        -0.160      0.034     -4.675      0.000
    CIVMAKEF$1        -1.650      0.058    -28.584      0.000
    CIVMAKEF$2        -1.132      0.045    -25.162      0.000
    CIVMAKEF$3        -0.698      0.037    -18.647      0.000
    CIVMAKEF$4        -0.153      0.035     -4.448      0.000
    CIVEXAGG$1        -1.628      0.057    -28.369      0.000
    CIVEXAGG$2        -1.071      0.042    -25.699      0.000
    CIVEXAGG$3        -0.567      0.036    -15.755      0.000
    CIVEXAGG$4         0.011      0.034      0.317      0.752
    CIVINTRU$1        -1.678      0.059    -28.458      0.000
    CIVINTRU$2        -1.127      0.042    -27.085      0.000
    CIVINTRU$3        -0.513      0.035    -14.498      0.000
    CIVINTRU$4         0.190      0.034      5.533      0.000
    CIVREFLI$1        -1.493      0.052    -28.592      0.000
    CIVREFLI$2        -0.937      0.040    -23.578      0.000
    CIVREFLI$3        -0.421      0.035    -12.010      0.000
    CIVREFLI$4         0.217      0.035      6.269      0.000
    CIVSHOUT$1        -1.522      0.051    -29.683      0.000
    CIVSHOUT$2        -0.866      0.040    -21.770      0.000
    CIVSHOUT$3        -0.360      0.035    -10.267      0.000
    CIVSHOUT$4         0.236      0.034      6.948      0.000
    CIVCHARA$1        -1.330      0.047    -28.441      0.000
    CIVCHARA$2        -0.820      0.038    -21.545      0.000
    CIVCHARA$3        -0.342      0.035     -9.813      0.000
    CIVCHARA$4         0.181      0.035      5.242      0.000
    CIVEVID$1         -1.165      0.045    -26.092      0.000
    CIVEVID$2         -0.649      0.038    -17.233      0.000
    CIVEVID$3         -0.113      0.035     -3.210      0.001
    CIVEVID$4          0.454      0.036     12.713      0.000
    CIVROLLE$1        -1.226      0.044    -28.167      0.000
    CIVROLLE$2        -0.577      0.037    -15.731      0.000
    CIVROLLE$3        -0.050      0.034     -1.444      0.149
    CIVROLLE$4         0.511      0.036     14.024      0.000

 Variances
    DISCURSIVE         0.659      0.023     28.767      0.000
    DECEPTION          0.633      0.023     27.464      0.000
    UTTERANCE          0.732      0.021     34.820      0.000


QUALITY OF NUMERICAL RESULTS

     Condition Number for the Information Matrix              0.247E-02
       (ratio of smallest to largest eigenvalue)


STANDARDIZED MODEL RESULTS


STDYX Standardization

                                                    Two-Tailed
                    Estimate       S.E.  Est./S.E.    P-Value

 DISCURSI BY
    CIVFACE            0.812      0.014     57.535      0.000
    CIVINTRUPT         0.767      0.013     60.366      0.000
    CIVPREVENT         0.752      0.017     44.446      0.000
    CIVREFLIST         0.714      0.016     43.812      0.000
    CIVROLLEYE         0.680      0.017     40.415      0.000

 DECEPTIO BY
    CIVEXAGG           0.795      0.014     54.928      0.000
    CIVMISLEAD         0.887      0.015     59.556      0.000
    CIVEVID            0.606      0.021     28.441      0.000

 UTTERANC BY
    CIVDEROG           0.855      0.012     69.639      0.000
    CIVVULGAR          0.813      0.013     60.743      0.000
    CIVDISRES          0.872      0.010     87.362      0.000
    CIVSLUR            0.863      0.015     59.114      0.000
    CIVSHOUT           0.746      0.013     55.774      0.000
    CIVCHARAC          0.692      0.017     41.346      0.000
    CIVMAKEFUN         0.835      0.011     75.314      0.000
    CIVINSULT          0.849      0.011     78.111      0.000
    CIVDEMON           0.842      0.011     75.238      0.000

 DECEPTIO WITH
    DISCURSIVE         0.948      0.014     68.100      0.000

 UTTERANC WITH
    DISCURSIVE         0.971      0.006    155.332      0.000
    DECEPTION          0.878      0.014     63.375      0.000

 Thresholds
    CIVSLUR$1         -1.735      0.062    -28.091      0.000
    CIVSLUR$2         -1.496      0.050    -29.656      0.000
    CIVSLUR$3         -1.187      0.043    -27.542      0.000
    CIVSLUR$4         -0.838      0.038    -22.190      0.000
    CIVMISLE$1        -1.735      0.062    -27.783      0.000
    CIVMISLE$2        -1.375      0.050    -27.682      0.000
    CIVMISLE$3        -1.007      0.042    -24.172      0.000
    CIVMISLE$4        -0.539      0.037    -14.658      0.000
    CIVDISRE$1        -1.685      0.061    -27.409      0.000
    CIVDISRE$2        -1.341      0.047    -28.681      0.000
    CIVDISRE$3        -0.925      0.039    -23.424      0.000
    CIVDISRE$4        -0.346      0.035     -9.947      0.000
    CIVDEROG$1        -1.739      0.064    -27.176      0.000
    CIVDEROG$2        -1.288      0.046    -27.823      0.000
    CIVDEROG$3        -0.840      0.040    -21.172      0.000
    CIVDEROG$4        -0.374      0.035    -10.554      0.000
    CIVVULGA$1        -1.583      0.056    -28.267      0.000
    CIVVULGA$2        -1.233      0.046    -26.856      0.000
    CIVVULGA$3        -0.877      0.039    -22.355      0.000
    CIVVULGA$4        -0.394      0.036    -11.077      0.000
    CIVPREVE$1        -1.730      0.064    -26.891      0.000
    CIVPREVE$2        -1.310      0.048    -27.572      0.000
    CIVPREVE$3        -0.898      0.040    -22.575      0.000
    CIVPREVE$4        -0.280      0.035     -8.027      0.000
    CIVFACE$1         -1.687      0.058    -28.857      0.000
    CIVFACE$2         -1.249      0.045    -28.002      0.000
    CIVFACE$3         -0.812      0.039    -20.871      0.000
    CIVFACE$4         -0.312      0.035     -8.887      0.000
    CIVDEMON$1        -1.657      0.059    -28.278      0.000
    CIVDEMON$2        -1.207      0.045    -26.781      0.000
    CIVDEMON$3        -0.743      0.037    -19.914      0.000
    CIVDEMON$4        -0.208      0.035     -6.001      0.000
    CIVINSUL$1        -1.678      0.061    -27.337      0.000
    CIVINSUL$2        -1.208      0.045    -27.101      0.000
    CIVINSUL$3        -0.723      0.038    -18.897      0.000
    CIVINSUL$4        -0.160      0.034     -4.675      0.000
    CIVMAKEF$1        -1.650      0.058    -28.584      0.000
    CIVMAKEF$2        -1.132      0.045    -25.162      0.000
    CIVMAKEF$3        -0.698      0.037    -18.647      0.000
    CIVMAKEF$4        -0.153      0.035     -4.448      0.000
    CIVEXAGG$1        -1.628      0.057    -28.369      0.000
    CIVEXAGG$2        -1.071      0.042    -25.699      0.000
    CIVEXAGG$3        -0.567      0.036    -15.755      0.000
    CIVEXAGG$4         0.011      0.034      0.317      0.752
    CIVINTRU$1        -1.678      0.059    -28.458      0.000
    CIVINTRU$2        -1.127      0.042    -27.085      0.000
    CIVINTRU$3        -0.513      0.035    -14.498      0.000
    CIVINTRU$4         0.190      0.034      5.533      0.000
    CIVREFLI$1        -1.493      0.052    -28.592      0.000
    CIVREFLI$2        -0.937      0.040    -23.578      0.000
    CIVREFLI$3        -0.421      0.035    -12.010      0.000
    CIVREFLI$4         0.217      0.035      6.269      0.000
    CIVSHOUT$1        -1.522      0.051    -29.683      0.000
    CIVSHOUT$2        -0.866      0.040    -21.770      0.000
    CIVSHOUT$3        -0.360      0.035    -10.267      0.000
    CIVSHOUT$4         0.236      0.034      6.948      0.000
    CIVCHARA$1        -1.330      0.047    -28.441      0.000
    CIVCHARA$2        -0.820      0.038    -21.545      0.000
    CIVCHARA$3        -0.342      0.035     -9.813      0.000
    CIVCHARA$4         0.181      0.035      5.242      0.000
    CIVEVID$1         -1.165      0.045    -26.092      0.000
    CIVEVID$2         -0.649      0.038    -17.233      0.000
    CIVEVID$3         -0.113      0.035     -3.210      0.001
    CIVEVID$4          0.454      0.036     12.713      0.000
    CIVROLLE$1        -1.226      0.044    -28.167      0.000
    CIVROLLE$2        -0.577      0.037    -15.731      0.000
    CIVROLLE$3        -0.050      0.034     -1.444      0.149
    CIVROLLE$4         0.511      0.036     14.024      0.000

 Variances
    DISCURSIVE         1.000      0.000    999.000    999.000
    DECEPTION          1.000      0.000    999.000    999.000
    UTTERANCE          1.000      0.000    999.000    999.000


R-SQUARE

    Observed                                        Two-Tailed   Residual
    Variable        Estimate       S.E.  Est./S.E.    P-Value    Variance

    CIVSLUR            0.745      0.025     29.557      0.000      0.255
    CIVMISLE           0.787      0.026     29.778      0.000      0.213
    CIVDISRE           0.760      0.017     43.681      0.000      0.240
    CIVDEROG           0.732      0.021     34.820      0.000      0.268
    CIVVULGA           0.661      0.022     30.372      0.000      0.339
    CIVPREVE           0.565      0.025     22.223      0.000      0.435
    CIVFACE            0.659      0.023     28.767      0.000      0.341
    CIVDEMON           0.709      0.019     37.619      0.000      0.291
    CIVINSUL           0.721      0.018     39.055      0.000      0.279
    CIVMAKEF           0.697      0.019     37.657      0.000      0.303
    CIVEXAGG           0.633      0.023     27.464      0.000      0.367
    CIVINTRU           0.588      0.019     30.183      0.000      0.412
    CIVREFLI           0.510      0.023     21.906      0.000      0.490
    CIVSHOUT           0.556      0.020     27.887      0.000      0.444
    CIVCHARA           0.478      0.023     20.673      0.000      0.522
    CIVEVID            0.367      0.026     14.221      0.000      0.633
    CIVROLLE           0.462      0.023     20.207      0.000      0.538


     Beginning Time:  16:50:17
        Ending Time:  16:50:21
       Elapsed Time:  00:00:04



MUTHEN & MUTHEN
3463 Stoner Ave.
Los Angeles, CA  90066

Tel: (310) 391-9971
Fax: (310) 391-8971
Web: www.StatModel.com
Support: Support@StatModel.com

Copyright (c) 1998-2021 Muthen & Muthen
