Mplus VERSION 8.6
MUTHEN & MUTHEN
02/22/2022   4:50 PM

INPUT INSTRUCTIONS

  TITLE: FDPI Model 2;
  DATA: FILE = incv-fdpi-mplus-data.csv;
  VARIABLE: NAMES = civthreat civharm civslur civmislead civdisres civderog
              civvulgar civprevent civface civdemon civinsult civmakefun
              civexagg civintrupt civreflist civshout civcharac civevid
              civrolleye civstand civflame civliar civtroll civevanger civevfear
              civanger rwt;
    USEVAR = civslur civmislead civdisres civderog
      civvulgar civprevent civface civdemon civinsult civmakefun
      civexagg civintrupt civreflist civshout civcharac civevid
      civrolleye civflame civliar civtroll civevanger civevfear civanger;
    CATEGORICAL = civslur civmislead civdisres civderog
      civvulgar civprevent civface civdemon civinsult civmakefun
      civexagg civintrupt civreflist civshout civcharac civevid
      civrolleye civflame civliar civtroll civevanger civevfear civanger;
    MISSING = ALL(-9);
    WEIGHT = rwt;
  ANALYSIS: ESTIMATOR = WLSMV;
  MODEL:
    Discursive BY civface civintrupt civprevent civreflist civrolleye
                   civtroll civevanger civevfear civanger;
    Deception  BY civexagg civmislead civevid;
    Utterance  BY civderog civvulgar civdisres civslur civshout
                  civcharac civmakefun civinsult civdemon civflame civliar;
  OUTPUT: STDYX;



*** WARNING in VARIABLE command
  Note that only the first 8 characters of variable names are used in the output.
  Shorten variable names to avoid any confusion.
   1 WARNING(S) FOUND IN THE INPUT INSTRUCTIONS



FDPI Model 2;

SUMMARY OF ANALYSIS

Number of groups                                                 1
Number of observations                                        2279

Number of dependent variables                                   23
Number of independent variables                                  0
Number of continuous latent variables                            3

Observed dependent variables

  Binary and ordered categorical (ordinal)
   CIVSLUR     CIVMISLE    CIVDISRE    CIVDEROG    CIVVULGA    CIVPREVE
   CIVFACE     CIVDEMON    CIVINSUL    CIVMAKEF    CIVEXAGG    CIVINTRU
   CIVREFLI    CIVSHOUT    CIVCHARA    CIVEVID     CIVROLLE    CIVFLAME
   CIVLIAR     CIVTROLL    CIVEVANG    CIVEVFEA    CIVANGER

Continuous latent variables
   DISCURSI    DECEPTIO    UTTERANC

Variables with special functions

  Weight variable       RWT

Estimator                                                    WLSMV
Maximum number of iterations                                  1000
Convergence criterion                                    0.500D-04
Maximum number of steepest descent iterations                   20
Maximum number of iterations for H1                           2000
Convergence criterion for H1                             0.100D-03
Parameterization                                             DELTA
Link                                                        PROBIT

Input data file(s)
  incv-fdpi-mplus-data.csv

Input data format  FREE


SUMMARY OF DATA

     Number of missing data patterns           318


COVARIANCE COVERAGE OF DATA

Minimum covariance coverage value   0.100


     PROPORTION OF DATA PRESENT


           Covariance Coverage
              CIVSLUR       CIVMISLE      CIVDISRE      CIVDEROG      CIVVULGA
              ________      ________      ________      ________      ________
 CIVSLUR        0.960
 CIVMISLE       0.939         0.958
 CIVDISRE       0.941         0.941         0.966
 CIVDEROG       0.943         0.942         0.949         0.974
 CIVVULGA       0.941         0.937         0.940         0.942         0.960
 CIVPREVE       0.931         0.929         0.932         0.934         0.929
 CIVFACE        0.939         0.938         0.944         0.946         0.938
 CIVDEMON       0.928         0.927         0.932         0.931         0.927
 CIVINSUL       0.943         0.943         0.950         0.958         0.942
 CIVMAKEF       0.941         0.939         0.945         0.946         0.939
 CIVEXAGG       0.943         0.945         0.950         0.958         0.941
 CIVINTRU       0.941         0.941         0.950         0.950         0.944
 CIVREFLI       0.932         0.932         0.938         0.948         0.932
 CIVSHOUT       0.945         0.942         0.951         0.959         0.944
 CIVCHARA       0.938         0.939         0.945         0.955         0.938
 CIVEVID        0.903         0.905         0.911         0.913         0.906
 CIVROLLE       0.931         0.930         0.939         0.941         0.933
 CIVFLAME       0.939         0.937         0.945         0.958         0.937
 CIVLIAR        0.924         0.924         0.934         0.944         0.927
 CIVTROLL       0.930         0.932         0.939         0.947         0.929
 CIVEVANG       0.926         0.928         0.933         0.933         0.928
 CIVEVFEA       0.933         0.933         0.939         0.951         0.933
 CIVANGER       0.935         0.935         0.943         0.953         0.936


           Covariance Coverage
              CIVPREVE      CIVFACE       CIVDEMON      CIVINSUL      CIVMAKEF
              ________      ________      ________      ________      ________
 CIVPREVE       0.951
 CIVFACE        0.933         0.962
 CIVDEMON       0.915         0.926         0.948
 CIVINSUL       0.934         0.945         0.932         0.976
 CIVMAKEF       0.931         0.941         0.932         0.947         0.963
 CIVEXAGG       0.936         0.947         0.934         0.961         0.946
 CIVINTRU       0.935         0.944         0.932         0.952         0.946
 CIVREFLI       0.925         0.935         0.925         0.953         0.938
 CIVSHOUT       0.937         0.946         0.933         0.961         0.947
 CIVCHARA       0.932         0.943         0.930         0.957         0.943
 CIVEVID        0.901         0.906         0.899         0.912         0.908
 CIVROLLE       0.925         0.935         0.925         0.942         0.936
 CIVFLAME       0.932         0.943         0.928         0.954         0.943
 CIVLIAR        0.920         0.929         0.918         0.943         0.930
 CIVTROLL       0.924         0.935         0.921         0.949         0.934
 CIVEVANG       0.920         0.928         0.918         0.933         0.930
 CIVEVFEA       0.925         0.937         0.923         0.951         0.937
 CIVANGER       0.928         0.939         0.927         0.954         0.942


           Covariance Coverage
              CIVEXAGG      CIVINTRU      CIVREFLI      CIVSHOUT      CIVCHARA
              ________      ________      ________      ________      ________
 CIVEXAGG       0.978
 CIVINTRU       0.953         0.968
 CIVREFLI       0.952         0.941         0.966
 CIVSHOUT       0.961         0.953         0.953         0.978
 CIVCHARA       0.958         0.948         0.947         0.958         0.972
 CIVEVID        0.915         0.913         0.907         0.914         0.910
 CIVROLLE       0.943         0.939         0.936         0.944         0.938
 CIVFLAME       0.955         0.947         0.946         0.957         0.952
 CIVLIAR        0.944         0.939         0.935         0.948         0.943
 CIVTROLL       0.953         0.941         0.943         0.951         0.948
 CIVEVANG       0.934         0.932         0.924         0.933         0.931
 CIVEVFEA       0.953         0.942         0.945         0.951         0.948
 CIVANGER       0.956         0.946         0.946         0.956         0.953


           Covariance Coverage
              CIVEVID       CIVROLLE      CIVFLAME      CIVLIAR       CIVTROLL
              ________      ________      ________      ________      ________
 CIVEVID        0.930
 CIVROLLE       0.907         0.958
 CIVFLAME       0.910         0.938         0.969
 CIVLIAR        0.903         0.930         0.942         0.959
 CIVTROLL       0.905         0.933         0.948         0.935         0.964
 CIVEVANG       0.900         0.925         0.928         0.919         0.924
 CIVEVFEA       0.906         0.932         0.946         0.936         0.943
 CIVANGER       0.910         0.939         0.950         0.945         0.947


           Covariance Coverage
              CIVEVANG      CIVEVFEA      CIVANGER
              ________      ________      ________
 CIVEVANG       0.950
 CIVEVFEA       0.929         0.966
 CIVANGER       0.927         0.947         0.970


UNIVARIATE PROPORTIONS AND COUNTS FOR CATEGORICAL VARIABLES

    CIVSLUR
      Category 1    0.041           90.149
      Category 2    0.026           56.502
      Category 3    0.050          109.591
      Category 4    0.083          181.909
      Category 5    0.799         1741.533
    CIVMISLE
      Category 1    0.041           89.864
      Category 2    0.043           94.049
      Category 3    0.072          157.521
      Category 4    0.138          299.727
      Category 5    0.705         1532.512
    CIVDISRE
      Category 1    0.046          101.414
      Category 2    0.044           96.870
      Category 3    0.087          192.636
      Category 4    0.187          412.461
      Category 5    0.635         1399.533
    CIVDEROG
      Category 1    0.041           91.082
      Category 2    0.058          128.557
      Category 3    0.101          225.283
      Category 4    0.154          342.017
      Category 5    0.646         1434.108
    CIVVULGA
      Category 1    0.057          124.497
      Category 2    0.052          114.313
      Category 3    0.081          178.634
      Category 4    0.157          343.669
      Category 5    0.653         1434.079
    CIVPREVE
      Category 1    0.042           90.836
      Category 2    0.053          115.625
      Category 3    0.089          194.190
      Category 4    0.205          445.365
      Category 5    0.610         1324.630
    CIVFACE
      Category 1    0.046          100.750
      Category 2    0.060          131.922
      Category 3    0.103          225.446
      Category 4    0.169          371.653
      Category 5    0.622         1368.161
    CIVDEMON
      Category 1    0.049          104.491
      Category 2    0.065          139.126
      Category 3    0.115          246.966
      Category 4    0.189          404.880
      Category 5    0.582         1248.572
    CIVINSUL
      Category 1    0.047          103.797
      Category 2    0.067          148.825
      Category 3    0.121          269.628
      Category 4    0.201          448.016
      Category 5    0.564         1253.518
    CIVMAKEF
      Category 1    0.049          108.013
      Category 2    0.079          173.272
      Category 3    0.114          247.811
      Category 4    0.197          429.023
      Category 5    0.561         1224.296
    CIVEXAGG
      Category 1    0.052          115.392
      Category 2    0.090          201.251
      Category 3    0.143          319.571
      Category 4    0.219          488.184
      Category 5    0.496         1105.252
    CIVINTRU
      Category 1    0.047          102.870
      Category 2    0.083          182.998
      Category 3    0.174          383.682
      Category 4    0.272          598.215
      Category 5    0.425          935.129
    CIVREFLI
      Category 1    0.068          149.010
      Category 2    0.106          234.145
      Category 3    0.162          357.247
      Category 4    0.249          547.521
      Category 5    0.414          910.649
    CIVSHOUT
      Category 1    0.064          142.447
      Category 2    0.129          288.006
      Category 3    0.166          370.428
      Category 4    0.234          521.026
      Category 5    0.407          905.543
    CIVCHARA
      Category 1    0.092          203.578
      Category 2    0.114          253.538
      Category 3    0.160          355.243
      Category 4    0.205          455.743
      Category 5    0.428          949.660
    CIVEVID
      Category 1    0.122          258.838
      Category 2    0.136          289.012
      Category 3    0.197          417.772
      Category 4    0.220          466.915
      Category 5    0.325          689.166
    CIVROLLE
      Category 1    0.110          240.118
      Category 2    0.172          375.394
      Category 3    0.198          432.334
      Category 4    0.215          469.382
      Category 5    0.305          664.751
    CIVFLAME
      Category 1    0.038           83.223
      Category 2    0.056          124.265
      Category 3    0.106          234.538
      Category 4    0.166          367.835
      Category 5    0.633         1399.802
    CIVLIAR
      Category 1    0.137          300.441
      Category 2    0.170          372.965
      Category 3    0.187          410.173
      Category 4    0.214          468.574
      Category 5    0.291          638.494
    CIVTROLL
      Category 1    0.053          115.383
      Category 2    0.102          224.571
      Category 3    0.149          326.958
      Category 4    0.234          513.407
      Category 5    0.461         1010.648
    CIVEVANG
      Category 1    0.052          113.199
      Category 2    0.082          176.138
      Category 3    0.135          290.552
      Category 4    0.192          415.389
      Category 5    0.539         1163.110
    CIVEVFEA
      Category 1    0.060          132.572
      Category 2    0.093          205.976
      Category 3    0.123          271.826
      Category 4    0.195          430.283
      Category 5    0.529         1169.357
    CIVANGER
      Category 1    0.143          316.694
      Category 2    0.167          369.494
      Category 3    0.190          421.117
      Category 4    0.221          490.215
      Category 5    0.278          616.593



THE MODEL ESTIMATION TERMINATED NORMALLY



MODEL FIT INFORMATION

Number of Free Parameters                      118

Chi-Square Test of Model Fit

          Value                           2606.484*
          Degrees of Freedom                   227
          P-Value                           0.0000

*   The chi-square value for MLM, MLMV, MLR, ULSMV, WLSM and WLSMV cannot be used
    for chi-square difference testing in the regular way.  MLM, MLR and WLSM
    chi-square difference testing is described on the Mplus website.  MLMV, WLSMV,
    and ULSMV difference testing is done using the DIFFTEST option.

RMSEA (Root Mean Square Error Of Approximation)

          Estimate                           0.068
          90 Percent C.I.                    0.065  0.070
          Probability RMSEA <= .05           0.000

CFI/TLI

          CFI                                0.924
          TLI                                0.915

Chi-Square Test of Model Fit for the Baseline Model

          Value                          31497.598
          Degrees of Freedom                   253
          P-Value                           0.0000

SRMR (Standardized Root Mean Square Residual)

          Value                              0.059

Optimum Function Value for Weighted Least-Squares Estimator

          Value                     0.46474300D+00



MODEL RESULTS

                                                    Two-Tailed
                    Estimate       S.E.  Est./S.E.    P-Value

 DISCURSI BY
    CIVFACE            1.000      0.000    999.000    999.000
    CIVINTRUPT         0.945      0.018     53.392      0.000
    CIVPREVENT         0.914      0.022     42.256      0.000
    CIVREFLIST         0.913      0.022     41.762      0.000
    CIVROLLEYE         0.854      0.023     36.684      0.000
    CIVTROLL           0.982      0.020     49.713      0.000
    CIVEVANGER         0.958      0.019     50.043      0.000
    CIVEVFEAR          0.919      0.023     40.437      0.000
    CIVANGER           0.824      0.024     34.528      0.000

 DECEPTIO BY
    CIVEXAGG           1.000      0.000    999.000    999.000
    CIVMISLEAD         1.063      0.019     55.701      0.000
    CIVEVID            0.731      0.026     28.238      0.000

 UTTERANC BY
    CIVDEROG           1.000      0.000    999.000    999.000
    CIVVULGAR          0.919      0.016     56.150      0.000
    CIVDISRES          0.992      0.014     69.627      0.000
    CIVSLUR            0.974      0.019     52.012      0.000
    CIVSHOUT           0.887      0.014     63.808      0.000
    CIVCHARAC          0.846      0.018     48.135      0.000
    CIVMAKEFUN         0.950      0.015     63.397      0.000
    CIVINSULT          0.990      0.014     71.519      0.000
    CIVDEMON           0.968      0.015     66.318      0.000
    CIVFLAME           0.959      0.016     60.548      0.000
    CIVLIAR            0.782      0.021     37.646      0.000

 DECEPTIO WITH
    DISCURSIVE         0.618      0.018     34.940      0.000

 UTTERANC WITH
    DISCURSIVE         0.672      0.018     38.068      0.000
    DECEPTION          0.621      0.018     34.000      0.000

 Thresholds
    CIVSLUR$1         -1.735      0.062    -28.091      0.000
    CIVSLUR$2         -1.496      0.050    -29.656      0.000
    CIVSLUR$3         -1.187      0.043    -27.542      0.000
    CIVSLUR$4         -0.838      0.038    -22.190      0.000
    CIVMISLE$1        -1.735      0.062    -27.783      0.000
    CIVMISLE$2        -1.375      0.050    -27.682      0.000
    CIVMISLE$3        -1.007      0.042    -24.172      0.000
    CIVMISLE$4        -0.539      0.037    -14.658      0.000
    CIVDISRE$1        -1.685      0.061    -27.409      0.000
    CIVDISRE$2        -1.341      0.047    -28.681      0.000
    CIVDISRE$3        -0.925      0.039    -23.424      0.000
    CIVDISRE$4        -0.346      0.035     -9.947      0.000
    CIVDEROG$1        -1.739      0.064    -27.176      0.000
    CIVDEROG$2        -1.288      0.046    -27.823      0.000
    CIVDEROG$3        -0.840      0.040    -21.172      0.000
    CIVDEROG$4        -0.374      0.035    -10.554      0.000
    CIVVULGA$1        -1.583      0.056    -28.267      0.000
    CIVVULGA$2        -1.233      0.046    -26.856      0.000
    CIVVULGA$3        -0.877      0.039    -22.355      0.000
    CIVVULGA$4        -0.394      0.036    -11.077      0.000
    CIVPREVE$1        -1.730      0.064    -26.891      0.000
    CIVPREVE$2        -1.310      0.048    -27.572      0.000
    CIVPREVE$3        -0.898      0.040    -22.575      0.000
    CIVPREVE$4        -0.280      0.035     -8.027      0.000
    CIVFACE$1         -1.687      0.058    -28.857      0.000
    CIVFACE$2         -1.249      0.045    -28.002      0.000
    CIVFACE$3         -0.812      0.039    -20.871      0.000
    CIVFACE$4         -0.312      0.035     -8.887      0.000
    CIVDEMON$1        -1.657      0.059    -28.278      0.000
    CIVDEMON$2        -1.207      0.045    -26.781      0.000
    CIVDEMON$3        -0.743      0.037    -19.914      0.000
    CIVDEMON$4        -0.208      0.035     -6.001      0.000
    CIVINSUL$1        -1.678      0.061    -27.337      0.000
    CIVINSUL$2        -1.208      0.045    -27.101      0.000
    CIVINSUL$3        -0.723      0.038    -18.897      0.000
    CIVINSUL$4        -0.160      0.034     -4.675      0.000
    CIVMAKEF$1        -1.650      0.058    -28.584      0.000
    CIVMAKEF$2        -1.132      0.045    -25.162      0.000
    CIVMAKEF$3        -0.698      0.037    -18.647      0.000
    CIVMAKEF$4        -0.153      0.035     -4.448      0.000
    CIVEXAGG$1        -1.628      0.057    -28.369      0.000
    CIVEXAGG$2        -1.071      0.042    -25.699      0.000
    CIVEXAGG$3        -0.567      0.036    -15.755      0.000
    CIVEXAGG$4         0.011      0.034      0.317      0.752
    CIVINTRU$1        -1.678      0.059    -28.458      0.000
    CIVINTRU$2        -1.127      0.042    -27.085      0.000
    CIVINTRU$3        -0.513      0.035    -14.498      0.000
    CIVINTRU$4         0.190      0.034      5.533      0.000
    CIVREFLI$1        -1.493      0.052    -28.592      0.000
    CIVREFLI$2        -0.937      0.040    -23.578      0.000
    CIVREFLI$3        -0.421      0.035    -12.010      0.000
    CIVREFLI$4         0.217      0.035      6.269      0.000
    CIVSHOUT$1        -1.522      0.051    -29.683      0.000
    CIVSHOUT$2        -0.866      0.040    -21.770      0.000
    CIVSHOUT$3        -0.360      0.035    -10.267      0.000
    CIVSHOUT$4         0.236      0.034      6.948      0.000
    CIVCHARA$1        -1.330      0.047    -28.441      0.000
    CIVCHARA$2        -0.820      0.038    -21.545      0.000
    CIVCHARA$3        -0.342      0.035     -9.813      0.000
    CIVCHARA$4         0.181      0.035      5.242      0.000
    CIVEVID$1         -1.165      0.045    -26.092      0.000
    CIVEVID$2         -0.649      0.038    -17.233      0.000
    CIVEVID$3         -0.113      0.035     -3.210      0.001
    CIVEVID$4          0.454      0.036     12.713      0.000
    CIVROLLE$1        -1.226      0.044    -28.167      0.000
    CIVROLLE$2        -0.577      0.037    -15.731      0.000
    CIVROLLE$3        -0.050      0.034     -1.444      0.149
    CIVROLLE$4         0.511      0.036     14.024      0.000
    CIVFLAME$1        -1.778      0.067    -26.477      0.000
    CIVFLAME$2        -1.317      0.048    -27.377      0.000
    CIVFLAME$3        -0.841      0.039    -21.400      0.000
    CIVFLAME$4        -0.341      0.035     -9.744      0.000
    CIVLIAR$1         -1.093      0.043    -25.533      0.000
    CIVLIAR$2         -0.503      0.036    -13.900      0.000
    CIVLIAR$3         -0.013      0.034     -0.391      0.696
    CIVLIAR$4          0.549      0.036     15.299      0.000
    CIVTROLL$1        -1.620      0.058    -28.129      0.000
    CIVTROLL$2        -1.015      0.042    -24.412      0.000
    CIVTROLL$3        -0.512      0.036    -14.140      0.000
    CIVTROLL$4         0.097      0.034      2.835      0.005
    CIVEVANG$1        -1.622      0.057    -28.221      0.000
    CIVEVANG$2        -1.107      0.042    -26.104      0.000
    CIVEVANG$3        -0.617      0.037    -16.802      0.000
    CIVEVANG$4        -0.098      0.035     -2.828      0.005
    CIVEVFEA$1        -1.555      0.056    -27.573      0.000
    CIVEVFEA$2        -1.023      0.042    -24.336      0.000
    CIVEVFEA$3        -0.594      0.038    -15.816      0.000
    CIVEVFEA$4        -0.073      0.034     -2.126      0.034
    CIVANGER$1        -1.067      0.044    -24.461      0.000
    CIVANGER$2        -0.496      0.036    -13.963      0.000
    CIVANGER$3         0.000      0.034      0.008      0.993
    CIVANGER$4         0.587      0.036     16.210      0.000

 Variances
    DISCURSIVE         0.629      0.023     27.745      0.000
    DECEPTION          0.668      0.022     31.016      0.000
    UTTERANCE          0.749      0.020     37.764      0.000


QUALITY OF NUMERICAL RESULTS

     Condition Number for the Information Matrix              0.139E-02
       (ratio of smallest to largest eigenvalue)


STANDARDIZED MODEL RESULTS


STDYX Standardization

                                                    Two-Tailed
                    Estimate       S.E.  Est./S.E.    P-Value

 DISCURSI BY
    CIVFACE            0.793      0.014     55.489      0.000
    CIVINTRUPT         0.749      0.013     57.297      0.000
    CIVPREVENT         0.725      0.018     41.407      0.000
    CIVREFLIST         0.724      0.015     48.130      0.000
    CIVROLLEYE         0.677      0.016     42.094      0.000
    CIVTROLL           0.779      0.013     59.223      0.000
    CIVEVANGER         0.760      0.014     54.086      0.000
    CIVEVFEAR          0.729      0.016     44.430      0.000
    CIVANGER           0.653      0.018     37.132      0.000

 DECEPTIO BY
    CIVEXAGG           0.817      0.013     62.032      0.000
    CIVMISLEAD         0.869      0.015     56.224      0.000
    CIVEVID            0.598      0.021     28.181      0.000

 UTTERANC BY
    CIVDEROG           0.866      0.011     75.529      0.000
    CIVVULGAR          0.796      0.014     56.974      0.000
    CIVDISRES          0.859      0.010     82.014      0.000
    CIVSLUR            0.843      0.016     54.237      0.000
    CIVSHOUT           0.768      0.012     63.671      0.000
    CIVCHARAC          0.732      0.015     49.492      0.000
    CIVMAKEFUN         0.822      0.011     71.765      0.000
    CIVINSULT          0.857      0.010     84.482      0.000
    CIVDEMON           0.838      0.011     74.974      0.000
    CIVFLAME           0.830      0.013     63.906      0.000
    CIVLIAR            0.677      0.018     38.544      0.000

 DECEPTIO WITH
    DISCURSIVE         0.953      0.011     83.011      0.000

 UTTERANC WITH
    DISCURSIVE         0.979      0.004    238.244      0.000
    DECEPTION          0.877      0.014     64.975      0.000

 Thresholds
    CIVSLUR$1         -1.735      0.062    -28.091      0.000
    CIVSLUR$2         -1.496      0.050    -29.656      0.000
    CIVSLUR$3         -1.187      0.043    -27.542      0.000
    CIVSLUR$4         -0.838      0.038    -22.190      0.000
    CIVMISLE$1        -1.735      0.062    -27.783      0.000
    CIVMISLE$2        -1.375      0.050    -27.682      0.000
    CIVMISLE$3        -1.007      0.042    -24.172      0.000
    CIVMISLE$4        -0.539      0.037    -14.658      0.000
    CIVDISRE$1        -1.685      0.061    -27.409      0.000
    CIVDISRE$2        -1.341      0.047    -28.681      0.000
    CIVDISRE$3        -0.925      0.039    -23.424      0.000
    CIVDISRE$4        -0.346      0.035     -9.947      0.000
    CIVDEROG$1        -1.739      0.064    -27.176      0.000
    CIVDEROG$2        -1.288      0.046    -27.823      0.000
    CIVDEROG$3        -0.840      0.040    -21.172      0.000
    CIVDEROG$4        -0.374      0.035    -10.554      0.000
    CIVVULGA$1        -1.583      0.056    -28.267      0.000
    CIVVULGA$2        -1.233      0.046    -26.856      0.000
    CIVVULGA$3        -0.877      0.039    -22.355      0.000
    CIVVULGA$4        -0.394      0.036    -11.077      0.000
    CIVPREVE$1        -1.730      0.064    -26.891      0.000
    CIVPREVE$2        -1.310      0.048    -27.572      0.000
    CIVPREVE$3        -0.898      0.040    -22.575      0.000
    CIVPREVE$4        -0.280      0.035     -8.027      0.000
    CIVFACE$1         -1.687      0.058    -28.857      0.000
    CIVFACE$2         -1.249      0.045    -28.002      0.000
    CIVFACE$3         -0.812      0.039    -20.871      0.000
    CIVFACE$4         -0.312      0.035     -8.887      0.000
    CIVDEMON$1        -1.657      0.059    -28.278      0.000
    CIVDEMON$2        -1.207      0.045    -26.781      0.000
    CIVDEMON$3        -0.743      0.037    -19.914      0.000
    CIVDEMON$4        -0.208      0.035     -6.001      0.000
    CIVINSUL$1        -1.678      0.061    -27.337      0.000
    CIVINSUL$2        -1.208      0.045    -27.101      0.000
    CIVINSUL$3        -0.723      0.038    -18.897      0.000
    CIVINSUL$4        -0.160      0.034     -4.675      0.000
    CIVMAKEF$1        -1.650      0.058    -28.584      0.000
    CIVMAKEF$2        -1.132      0.045    -25.162      0.000
    CIVMAKEF$3        -0.698      0.037    -18.647      0.000
    CIVMAKEF$4        -0.153      0.035     -4.448      0.000
    CIVEXAGG$1        -1.628      0.057    -28.369      0.000
    CIVEXAGG$2        -1.071      0.042    -25.699      0.000
    CIVEXAGG$3        -0.567      0.036    -15.755      0.000
    CIVEXAGG$4         0.011      0.034      0.317      0.752
    CIVINTRU$1        -1.678      0.059    -28.458      0.000
    CIVINTRU$2        -1.127      0.042    -27.085      0.000
    CIVINTRU$3        -0.513      0.035    -14.498      0.000
    CIVINTRU$4         0.190      0.034      5.533      0.000
    CIVREFLI$1        -1.493      0.052    -28.592      0.000
    CIVREFLI$2        -0.937      0.040    -23.578      0.000
    CIVREFLI$3        -0.421      0.035    -12.010      0.000
    CIVREFLI$4         0.217      0.035      6.269      0.000
    CIVSHOUT$1        -1.522      0.051    -29.683      0.000
    CIVSHOUT$2        -0.866      0.040    -21.770      0.000
    CIVSHOUT$3        -0.360      0.035    -10.267      0.000
    CIVSHOUT$4         0.236      0.034      6.948      0.000
    CIVCHARA$1        -1.330      0.047    -28.441      0.000
    CIVCHARA$2        -0.820      0.038    -21.545      0.000
    CIVCHARA$3        -0.342      0.035     -9.813      0.000
    CIVCHARA$4         0.181      0.035      5.242      0.000
    CIVEVID$1         -1.165      0.045    -26.092      0.000
    CIVEVID$2         -0.649      0.038    -17.233      0.000
    CIVEVID$3         -0.113      0.035     -3.210      0.001
    CIVEVID$4          0.454      0.036     12.713      0.000
    CIVROLLE$1        -1.226      0.044    -28.167      0.000
    CIVROLLE$2        -0.577      0.037    -15.731      0.000
    CIVROLLE$3        -0.050      0.034     -1.444      0.149
    CIVROLLE$4         0.511      0.036     14.024      0.000
    CIVFLAME$1        -1.778      0.067    -26.477      0.000
    CIVFLAME$2        -1.317      0.048    -27.377      0.000
    CIVFLAME$3        -0.841      0.039    -21.400      0.000
    CIVFLAME$4        -0.341      0.035     -9.744      0.000
    CIVLIAR$1         -1.093      0.043    -25.533      0.000
    CIVLIAR$2         -0.503      0.036    -13.900      0.000
    CIVLIAR$3         -0.013      0.034     -0.391      0.696
    CIVLIAR$4          0.549      0.036     15.299      0.000
    CIVTROLL$1        -1.620      0.058    -28.129      0.000
    CIVTROLL$2        -1.015      0.042    -24.412      0.000
    CIVTROLL$3        -0.512      0.036    -14.140      0.000
    CIVTROLL$4         0.097      0.034      2.835      0.005
    CIVEVANG$1        -1.622      0.057    -28.221      0.000
    CIVEVANG$2        -1.107      0.042    -26.104      0.000
    CIVEVANG$3        -0.617      0.037    -16.802      0.000
    CIVEVANG$4        -0.098      0.035     -2.828      0.005
    CIVEVFEA$1        -1.555      0.056    -27.573      0.000
    CIVEVFEA$2        -1.023      0.042    -24.336      0.000
    CIVEVFEA$3        -0.594      0.038    -15.816      0.000
    CIVEVFEA$4        -0.073      0.034     -2.126      0.034
    CIVANGER$1        -1.067      0.044    -24.461      0.000
    CIVANGER$2        -0.496      0.036    -13.963      0.000
    CIVANGER$3         0.000      0.034      0.008      0.993
    CIVANGER$4         0.587      0.036     16.210      0.000

 Variances
    DISCURSIVE         1.000      0.000    999.000    999.000
    DECEPTION          1.000      0.000    999.000    999.000
    UTTERANCE          1.000      0.000    999.000    999.000


R-SQUARE

    Observed                                        Two-Tailed   Residual
    Variable        Estimate       S.E.  Est./S.E.    P-Value    Variance

    CIVSLUR            0.711      0.026     27.119      0.000      0.289
    CIVMISLE           0.754      0.027     28.112      0.000      0.246
    CIVDISRE           0.738      0.018     41.007      0.000      0.262
    CIVDEROG           0.749      0.020     37.764      0.000      0.251
    CIVVULGA           0.633      0.022     28.487      0.000      0.367
    CIVPREVE           0.526      0.025     20.704      0.000      0.474
    CIVFACE            0.629      0.023     27.745      0.000      0.371
    CIVDEMON           0.702      0.019     37.487      0.000      0.298
    CIVINSUL           0.734      0.017     42.241      0.000      0.266
    CIVMAKEF           0.676      0.019     35.882      0.000      0.324
    CIVEXAGG           0.668      0.022     31.016      0.000      0.332
    CIVINTRU           0.561      0.020     28.648      0.000      0.439
    CIVREFLI           0.524      0.022     24.065      0.000      0.476
    CIVSHOUT           0.590      0.019     31.835      0.000      0.410
    CIVCHARA           0.537      0.022     24.746      0.000      0.463
    CIVEVID            0.357      0.025     14.091      0.000      0.643
    CIVROLLE           0.458      0.022     21.047      0.000      0.542
    CIVFLAME           0.688      0.022     31.953      0.000      0.312
    CIVLIAR            0.459      0.024     19.272      0.000      0.541
    CIVTROLL           0.606      0.020     29.612      0.000      0.394
    CIVEVANG           0.578      0.021     27.043      0.000      0.422
    CIVEVFEA           0.531      0.024     22.215      0.000      0.469
    CIVANGER           0.427      0.023     18.566      0.000      0.573


     Beginning Time:  16:50:21
        Ending Time:  16:50:28
       Elapsed Time:  00:00:07



MUTHEN & MUTHEN
3463 Stoner Ave.
Los Angeles, CA  90066

Tel: (310) 391-9971
Fax: (310) 391-8971
Web: www.StatModel.com
Support: Support@StatModel.com

Copyright (c) 1998-2021 Muthen & Muthen
